<mediawiki>
<page>
    <title>pes</title>
    <ns>0</ns>
    <id>7218</id>
    <revision>
        <id>1000437</id>
        <parentid>996481</parentid>
        <timestamp>2019-05-06T14:50:25Z</timestamp>
        <contributor>
            <ip>2001:569:7DAC:A800:D879:4C7F:AABF:BDA</ip>
        </contributor>
        <comment>/* význam */ (Power Extension Strip)</comment>
        <model>wikitext</model>
        <format>text/x-wiki</format>
        <text xml:space="preserve">{{Viz}}

== čeština ==

=== výslovnost ===
* {{IPA|pɛs}} {{Audio|Cs-pes.ogg|pes}}

=== dělení ===
* pes

=== etymologie ===
Lze najít ve všech slovanských jazycích od praslovanského *''pьsъ'', které je slovanskou inovací proti původnímu indoevropskému *''ḱu̯on-''. Výklady původu jsou nejednoznačné, může být odvozeno od vábícího citoslovce ''ps!''.&lt;ref name=&quot;rejzek&quot;&gt;{{Rejzek|rok=2001|heslo=pes|strany=462}}&lt;/ref&gt; Jiný výklad uvádí původ od zvyku psů značit močením, tedy od kořene ''pis-'' souvisejícího se slovy ''[[pištěti]]'' (tj. ''[[téci]]'') a ''[[vypiskovati se]]''.&lt;ref name=&quot;neslovesné&quot;&gt;{{Naše řeč|titul=Neslovesné věty v češtině : Studie o tvoření výrazů expresivních|rok=1930|ročník=14|číslo=9–10|art=1775}}&lt;/ref&gt;

=== podstatné jméno (1) ===
* ''rod mužský životný''

==== skloňování ====
{{Substantivum (cs)
  | snom = pes
  | sgen = [[psa]]
  | sdat = psovi / psu
  | sacc = [[psa]]
  | svoc = pse
  | sloc = psovi / psu
  | sins = [[psem]]
  | pnom = [[psi]] / psové
  | pgen = psů
  | pdat = psům
  | pacc = psy
  | pvoc = [[psi]] / psové
  | ploc = psech
  | pins = psy
}}

==== význam ====
# [[psovitý|psovitá]] [[šelma]] [[chovaný|chovaná]] [[jako]] [[domácí]] [[zvíře]]
#* {{Příklad|cs|Pes je nejlepší přítel člověka.}}
# [[samec]] psa (1)
#* {{Příklad|cs|Krycí pes i chovná fena musí být zaregistrováni v Plemenné knize.}}
# [[samec]] [[psovitý|psovité]] [[šelma|šelmy]]
# {{Příznaky|cs|expr.|pejor.}} [[nedobrý]], [[krutý]] ([[člověk]])&lt;ref name=&quot;ssjc&quot;/&gt;&lt;ref name=&quot;psjc&quot;/&gt;
#* {{Příklad|cs|„Náš kapitán je pes,“ povídá jeden námořník.}}&lt;ref name=&quot;fik&quot;/&gt;
# {{Příznaky|cs|želez.}} [[kolejová zarážka]]
# {{Příznaky|cs|slang.|elektr.}} [[prodlužovací]] [[kabel]] [[zakončený]] [[více]] [[zásuvka]]mi (Power Extension Strip)
#* {{Příklad|cs|Kam to mám zapojit? – Dole pod stolem je pes. Když tam nebude volná zásuvka, vytáhni tu plochou zástrčku.}}
# ''(oděvnický slang, ve zkrácené formě)'' [[polyester]]
#* {{Příklad|cs|Přines mi ty punčochy ze psa/z pesa.}}

==== překlady ====
# {{Překlady
  | význam = šelma
  | ar = {{P|ar|كَلْب|m}}
  | ba = {{P|ba|эт}}
  | co = {{P|co|ghjacaru|m}}
  | de = {{P|de|Hund|m}}
  | el = {{P|el|σκύλος|m}}
  | en = {{P|en|dog}}
  | eo = {{P|eo|hundo}}
  | es = {{P|es|perro|m}}
  | fi = {{P|fi|koira}}
  | fr = {{P|fr|chien|m}}
  | grc = {{P|grc|κύων|m}}
  | he = {{P|he|כֶּלֶב|m}}
  | hr = {{P|hr|pas|m}}
  | hsb = {{P|hsb|pos|m}}
  | hu = {{P|hu|kutya}}
  | hy = {{P|hy|շուն}}
  | is = {{P|is|hundur|m}}
  | it = {{P|it|cane|m}}
  | ja = {{P|ja|犬}}
  | kl = {{P|kl|qimmeq}}
  | ko = {{P|ko|개}}
  | la = {{P|la|canis|c}}
  | lt = {{P|lt|šuo|m}}
  | lv = {{P|lv|suns|m}}
  | nl = {{P|nl|hond|m}}
  | oc = {{P|oc|gos|m}}, {{P|oc|can|m}}
  | pl = {{P|pl|pies|m}}
  | pt = {{P|pt|cão|m}}, {{P|pt|cachorro|m}}
  | rom = {{P|rom|rukono|m}}
  | ru = {{P|ru|собака|f}}, {{P|ru|пёс|m}}
  | sgs = {{P|sgs|šou|m}}
  | sk = {{P|sk|pes|m}}
  | sv = {{P|sv|hund|c}}
  | syr = {{P|syr|ܟܰܠܒܳܐ}}
  | tmr = {{P|tmr|כַּלְבָּא}}
  | tr = {{P|tr|köpek}}
  | tt = {{P|tt|эт}}
  | vo = {{P|vo|dog}}
  | yi = {{P|yi|הונד|m}}
}}
# {{Překlady
  | význam = samec psa
  | de = {{P|de|Rüde|m}}
  | en = {{P|en|dog}}
  | es = {{P|es|perro|m}}
  | fr = {{P|fr|chien|m}}
  | it = {{P|it|cane|m}}
  | la = {{P|la|canis|m}}
  | pl = {{P|pl|pies|m}}
  | ru = {{P|ru|кобель|m}}, {{P|ru|пёс|m}}
  | sk = {{P|sk|pes|m}}
  | sv = {{P|sv|hanhund|c}}
}}
# {{Překlady
}}
# {{Překlady
  | význam = zlý člověk
  | de = {{P|de|Gauner|m}}
  | en = {{P|en|scoundrel}}
  | sk = {{P|sk|pes|m}}
}}
# {{Překlady
}}
# {{Překlady
}}
# {{Překlady
}}

==== synonyma ====
# {{Příznak2|zdrob.}} [[pejsek]], {{Příznak2|expr.|zř.}} [[pesan]], {{Příznak2|hanl.}} [[čokl]], ''neutrálně, obrazně'' {{Příznak2|kniž.}} [[nejlepší přítel člověka]], {{Příznak2|hanl.}} (nešlechtěný) [[vořech]], {{Příznak2|zdrob.}} [[voříšek]], {{Příznak2|zř.}} (ostřejší, bojovnější) [[rafan]], {{Příznak2|zhrub.}} (mohutnější) bafan, {{Příznak2|zhrub.}} (zvl. velký pes) [[hafan]], {{Příznak2|zdrob.}} [[hafík]], ''neutrálně, obrazně, v publicistice'' [[čtyřnohý miláček]]
# —
# —
# —
# —
# —
# —

==== antonyma ====
# —
# [[fena]], [[psice]], [[čuba]]
# [[fena]]
# —
# —
# —
# —

==== související ====
* [[psík]]
* [[psíček]]
* [[psisko]]
* [[pejsek]]
* [[psina]]&lt;ref name=&quot;neslovesné&quot;/&gt;
* [[psinec]]
* [[psinka]]
* [[psí]]
* [[psota]]&lt;ref name=&quot;neslovesné&quot;/&gt;
* [[psotník]]&lt;ref name=&quot;neslovesné&quot;/&gt;
* [[psovský]]
* [[psovitý]]
* [[psovat]]&lt;ref name=&quot;neslovesné&quot;/&gt;
* [[psův]]
* [[zepsout]]&lt;ref name=&quot;neslovesné&quot;/&gt;
* [[sepsout]]&lt;ref&gt;{{Citace elektronické monografie
  | příjmení =
  | jméno =
  | odkaz na autora =
  | titul = Dotaz týdne 2010: 36/2010, zepsout
  | url = http://www.ujc.cas.cz/jazykova-poradna/zajimave-dotazy/dotaz-tydne-2010.html
  | datum vydání = 2010
  | datum aktualizace =
  | datum přístupu = 2015-07-31
  | vydavatel = Ústav pro jazyk český: Jazyková poradna
  | místo =
  | jazyk = česky
}}&lt;/ref&gt;
* [[psice]]
* [[kočkopes]]
* [[Psáry]]

==== slovní spojení ====
* [[pes domácí]]
* [[pod psa]]
* [[zakopaný pes]]

==== fráze a idiomy ====
* [[být na koho jako pes]]
* [[být na co pes]]
* [[počasí, že by psa nevyhnal]]
* [[každý pes jiná ves]]
* [[jít to komu jako psovi pastva]]
* [[to by nežral ani pes]]
* [[ani pes po kom neštěkne]]
* [[pod psa]]
* [[chcípl pes]]

==== přísloví, rčení a pořekadla ====
* [[pes, který štěká, nekouše]]
* [[kdo chce psa bít, hůl si vždycky najde]]
* [[mnoho psů zajícova smrt]]
* [[starého psa novým kouskům nenaučíš]]
* [[život je pes]]

=== podstatné jméno (2) ===
* ''rod mužský neživotný''

==== význam ====
# ''genitiv plurálu substantiva [[peso]]''

== latina ==

=== podstatné jméno ===
* rod mužský (''maskulinum'')
* 3. deklinace

==== skloňování ====
{{Substantivum (la)
  | snom = pēs
  | sgen = [[pedis]]
  | sdat = [[pedi|pedī]]
  | sacc = [[pedem]]
  | sabl = [[pede]]
  | svoc = pēs
  | pnom = [[pedes|pedēs]]
  | pgen = [[pedum]]
  | pdat = [[pedibus]]
  | pacc = [[pedes|pedēs]]
  | pabl = [[pedibus]]
  | pvoc = [[pedes|pedēs]]
}}

==== význam ====
# [[noha]]
# (obvykle plurál ''pedes'') lana u spodních cípů plachty k ovládání lodi
# [[stopa]] (jednotka délky), 29,6 cm, 1/5 kroku ([[passus]])
# stopa (literatura), jednotka [[Metrum|metra]] v poesii

== romština ==
{{Minimum|rom}}

=== zájmeno ===

==== význam ====
# [[se]], akuzativ singuláru osobního zájmena zvratného

== slovenština ==

=== výslovnost ===
* {{IPA|pɛs}}

=== etymologie ===
Lze najít všech slovanských jazycích od praslovanského *''pЬsЪ'', které je slovanskou inovací proti původnímu indoevropskému *''ḱu̯on-''. Výklady původu jsou nejednoznačné, může být odvozeno od vábícího citoslovce ''ps!''.&lt;ref name=&quot;rejzek&quot; /&gt;

=== podstatné jméno ===
* ''rod mužský životný''

==== skloňování ====
{{Substantivum (sk)
  | snom = pes
  | sgen = psa
  | sdat = psovi
  | sacc = psa
  | sloc = psovi
  | sins = psom
  | pnom = psi / psy
  | pgen = psov
  | pdat = psom
  | pacc = psov / psy
  | ploc = psoch
  | pins = psami
}}

==== význam ====
# [[pes#čeština|pes]] (''též přeneseně; významy jako v češtině'')
#* {{Příklad|sk|Pes je najlepší priateľ človeka.|Pes je nejlepší přítel člověka.}}
#* {{Příklad|sk|Víťazi súťaže sa stávajú pes a suka z každého plemena.|Vítězi soutěže se stávají pes a fena z každého plemene.}}
#* {{Příklad|sk|Život je pes.|Život je pes.}}

==== antonyma ====
* [[fena]]

==== související ====
* [[psík]]
* [[psíček]]
* [[psisko]]
* [[psí]]
* [[psovský]]
* [[psovitý]]

== turečtina ==
{{Doplnit|výslovnost|tr}}

=== varianty ===
* {{Příznak2|stp.}} [[پس]]

=== přídavné jméno ===

==== význam ====
# [[hluboký]] {{Upřesnění|zvuk, tón}}

== poznámky ==
&lt;references&gt;
&lt;ref name=&quot;psjc&quot;&gt;{{PSJČ|pes|2015-01-06}}&lt;/ref&gt;
&lt;ref name=&quot;ssjc&quot;&gt;{{SSJČ|pes|2015-01-06}}&lt;/ref&gt;
&lt;ref name=&quot;fik&quot;&gt;ČECHURA, Rudolf: Fík jde do světa&lt;/ref&gt;
&lt;/references&gt;

== externí odkazy ==
* {{Wikipedie|článek=Pes domácí}}
* {{Wikipedie|rozcestník=Pes (rozcestník)}}

[[Kategorie:Latinská substantiva]]
[[Kategorie:Česká substantiva]]
[[Kategorie:Tvary českých substantiv]]
[[Kategorie:Romská zájmena]]
[[Kategorie:Slovenská substantiva]]</text>
        <sha1>jp5p7wj8a4mftlkx116b5v9mqm99yho</sha1>
    </revision>
</page>
<page>
    <title>peso</title>
    <ns>0</ns>
    <id>25594</id>
    <revision>
      <id>1057506</id>
      <parentid>862801</parentid>
      <timestamp>2019-09-20T18:11:50Z</timestamp>
      <contributor>
        <username>JAnDbot</username>
        <id>1108</id>
      </contributor>
      <minor />
      <comment>Robot: kosmetické úpravy</comment>
      <model>wikitext</model>
      <format>text/x-wiki</format>
      <text xml:space="preserve">{{Viz|pešo|Peso}}

== čeština ==

=== výslovnost ===
* {{IPA|pɛsɔ}}

=== dělení ===
* pe-so

=== podstatné jméno ===
* ''rod střední''

==== skloňování ====
{{Substantivum (cs)
  | snom = peso
  | sgen = pesa
  | sdat = pesu
  | sacc = peso
  | svoc = peso
  | sloc = pesu
  | sins = pesem
  | pnom = pesa
  | pgen = [[pes]]
  | pdat = pesům
  | pacc = pesa
  | pvoc = pesa
  | ploc = pesech
  | pins = pesy
}}
Poznámka: Je možný i nesklonný tvar plurálu ''pesos''.

==== význam ====
# [[současný|současná]] [[resp.]] [[bývalý|bývalá]] [[měnový|měnová]] [[jednotka]] [[několik]]a [[stát]]ů

==== překlady ====
# {{Překlady
  | význam = měnová jednotka
  | de = {{P|de|Peso|m}}
  | en = {{P|en|peso}}
  | es = {{P|es|peso|m}}
  | fi = {{P|fi|peso}}
  | fr = {{P|fr|péso|m}}
  | sk = {{P|sk|peso|m}}
}}

== angličtina ==

=== výslovnost ===
* {{IPA|ˈpeɪsəʊ}}

=== podstatné jméno ===

==== skloňování ====
{{Substantivum (en)
  | snom = peso
  | pnom = pesos
}}

==== význam ====
# [[peso#čeština|peso]]

== finština ==

=== výslovnost ===
* {{IPA|ˈpeso}}

=== dělení ===
* pe-so

=== podstatné jméno ===

==== skloňování ====
{{Substantivum (fi)
  | vzor = valo
  | snom = peso
  | sgen = peson
  | sacc = peson
  | sacc2 = peso
  | spar = pesoa
  | spar2 = 
  | spar3 = 
  | sess = pesona
  | stra = pesoksi
  | sine = pesossa
  | sela = pesosta
  | sill = pesoon
  | sill2 = 
  | sade = pesolla
  | sabl = pesolta
  | sall = pesolle
  | sabe = pesotta
  | pnom = pesot
  | pgen = pesojen
  | pgen2 = 
  | pgen3 = 
  | pgen4 = 
  | pgen5 = 
  | pacc = pesot
  | ppar = pesoja
  | ppar2 = 
  | ppar3 = 
  | pess = pesoina
  | ptra = pesoiksi
  | pine = pesoissa
  | pela = pesoista
  | pill = pesoihin
  | pill2 = 
  | pade = pesoilla
  | pabl = pesoilta
  | pall = pesoille
  | pabe = pesoitta
  | pkom = pesoine
  | pint = pesoin
  | pgen2rare = 
  | pgen3rare = 
  | pgen4rare = 
  | pgen5rare = 
  | spar2rare = 
  | ppar2rare = 
  | spar3rare = 
  | ppar3rare = 
  | sill2rare = 
  | pill2rare = 
  | kategorie = 
}}

==== význam ====
# [[peso#čeština|peso]]

== italština ==

=== výslovnost ===
* {{IPA|pɛ.zɔ}}

=== podstatné jméno ===
* ''rod mužský''

==== skloňování ====
{{Substantivum (it)
  | snom = peso
  | pnom = pesi
}}

=== podstatné jméno ===

==== význam ====
# [[hmotnost]]
# [[závaží]]
# {{Příznaky|it|přen.}} [[váha]], [[důležitost]], [[význam]]
# {{Příznaky|it|sport.}} [[koule]] {{Upřesnění|atletické náčiní}}

==== související ====
* [[pesare#italština|pesare]]
* [[pesatura]]
* [[pesata]]

== španělština ==
{{Doplnit|výslovnost|es}}

=== podstatné jméno ===
* ''rod mužský''

==== skloňování ====
{{Substantivum (es)
  | snom = peso
  | pnom = pesos
}}

==== význam ====
# [[hmotnost]]

[[Kategorie:Česká substantiva]]
[[Kategorie:Anglická substantiva]]
[[Kategorie:Finská substantiva]]
[[Kategorie:Italská substantiva]]
[[Kategorie:Španělská substantiva]]</text>
      <sha1>a35bbmaxyhkiwud44z55wacsycolj22</sha1>
    </revision>
  </page>
<page>
<title>sršeň</title>
<ns>0</ns>
<id>19188</id>
<revision>
    <id>1066423</id>
    <parentid>936731</parentid>
    <timestamp>2019-09-20T20:06:20Z</timestamp>
    <contributor>
        <username>JAnDbot</username>
        <id>1108</id>
    </contributor>
    <minor/>
    <comment>Robot: kosmetické úpravy</comment>
    <model>wikitext</model>
    <format>text/x-wiki</format>
    <text xml:space="preserve">{{Viz|Sršeň}}

== čeština ==

=== výslovnost ===
* {{IPA|sr̩ʃɛɲ}}

=== dělení ===
* sr-šeň

=== podstatné jméno ===

==== skloňování (1) ====
* ''rod ženský''
{{Substantivum (cs)
  | snom = sršeň
  | sgen = [[sršně]]
  | sdat = [[sršni]]
  | sacc = sršeň
  | svoc = [[sršni]]
  | sloc = [[sršni]]
  | sins = [[sršní]]
  | pnom = [[sršně]]
  | pgen = [[sršní]]
  | pdat = [[sršním]]
  | pacc = [[sršně]]
  | pvoc = [[sršně]]
  | ploc = [[sršních]]
  | pins = [[sršněmi]]
}}

==== skloňování (2) ====
* ''rod mužský životný''
{{Substantivum (cs)
  | snom = sršeň
  | sgen = [[sršně]]
  | sdat = [[sršni]] / [[sršňovi]]
  | sacc = [[sršně]]
  | svoc = [[sršni]]
  | sloc = [[sršni]] / [[sršňovi]]
  | sins = [[sršněm]]
  | pnom = [[sršni]] / [[sršňové]]
  | pgen = [[sršňů]]
  | pdat = [[sršňům]]
  | pacc = [[sršně]]
  | pvoc = [[sršni]] / [[sršňové]]
  | ploc = [[sršních]]
  | pins = [[sršni]]
}}

==== význam ====
# [[rod]] [[velký|velkého]] [[blanokřídlý|blanokřídlého]] [[sociální]]ho [[hmyz]]u, ''[[Vespa]]''
#* {{Příklad|cs|Sršeň nastrouhá kusadly dřevo, smísí je se slinami a odnáší na vybrané místo.}}

==== překlady ====
# {{Překlady
  | význam = rod velkého blanokřídlého sociálního hmyzu, ''Vespa''
  | da = {{P|da|gedehams}}
  | de = {{P|de|Hornisse|f}}
  | en = {{P|en|hornet}}
  | es = {{P|es|abejorro|m}}
  | fr = {{P|fr|frelon|m}}
  | it = {{P|it|calabrone|m}}
  | ja = {{P|ja|雀蜂}}, {{P|ja|黄色雀蜂}}
  | la = {{P|la|crabro|m}}
  | lt = {{P|lt|širšuolas|m}}, {{P|lt|širšė|f}}
  | lv = {{P|lv|sirsenis}}
  | nl = {{P|nl|hoornaar}}
  | no = {{P|no|geitehams}}
  | pl = {{P|pl|szerszeń|m}}
  | sk = {{P|sk|sršeň|m}}
  | sv = {{P|sv|bålgeting}}
}}

==== synonyma ====
# {{Příznak2|ob.}} [[sršán]], [[sršáň]]&lt;ref&gt;{{SSJČ|sršáň|2013-02-07}}&lt;/ref&gt;

==== související ====
* [[sršní]]

==== slovní spojení ====
* [[sršeň obecná]]

== poznámky ==
* {{IJP|sršeň|2008-02-27|2010-07-16}}
* Ženský rod se používá zejména v zoologii.
&lt;references /&gt;

== externí odkazy ==
* {{Wikipedie|článek=Sršeň}}

[[Kategorie:Česká substantiva]]</text>
    <sha1>rex1lewbk8sl93rwvxagwbrql92eix6</sha1>
</revision>
</page>
<page>
    <title>super</title>
    <ns>0</ns>
    <id>53247</id>
    <revision>
      <id>950507</id>
      <parentid>872800</parentid>
      <timestamp>2018-05-06T06:32:09Z</timestamp>
      <contributor>
        <username>Martin Kotačka</username>
        <id>3758</id>
      </contributor>
      <minor />
      <comment>+viz</comment>
      <model>wikitext</model>
      <format>text/x-wiki</format>
      <text xml:space="preserve">{{Viz}}

== čeština ==

=== výslovnost ===
* {{IPA|sʊpɛr}}

=== dělení ===
* su-per

=== přídavné jméno ===
* ''nesklonné''

==== význam ====
# {{Příznaky|cs|expr.}} [[fantastický]], [[skvělý]], [[výborný]]
#* {{Příklad|cs|To je super!}}

=== příslovce ===
* ''způsobu''

==== význam ====
# {{Příznaky|cs|expr.}} [[skvěle]], [[výborně]]

== angličtina ==

=== výslovnost ===
* {{IPA|sjʊːpə}}
* {{Audio|En-ca-super.ogg|super}}

=== podstatné jméno ===

==== skloňování ====
{{Substantivum (en)
  | snom = super
  | pnom = supers
}}

==== význam ====
# {{Příznaky|en|včel.}} [[nástavek]]

=== přídavné jméno ===

==== význam ====
# [[skvělý]], [[úžasný]]

== francouzština ==

=== výslovnost ===
* {{IPA|sypɛʁ}}

=== přídavné jméno ===

==== význam ====
# [[skvělý]], [[úžasný]]
#* {{Příklad|fr|C'est super!|To je úžasné!}}

[[Kategorie:Česká adjektiva]]
[[Kategorie:Česká příslovce]]
[[Kategorie:Anglická substantiva]]
[[Kategorie:Anglická adjektiva]]
[[Kategorie:Francouzská adjektiva]]</text>
      <sha1>0bz277o8fwb69aqwnend5c9on0w0ays</sha1>
    </revision>
  </page>
<page>
<title>mladý</title>
<ns>0</ns>
<id>881</id>
<revision>
    <id>930294</id>
    <parentid>896293</parentid>
    <timestamp>2018-01-19T13:59:29Z</timestamp>
    <contributor>
        <username>Ovčáček čtveráček</username>
        <id>21456</id>
    </contributor>
    <minor/>
    <comment>/* skloňování */ doplněny akuzativy</comment>
    <model>wikitext</model>
    <format>text/x-wiki</format>
    <text xml:space="preserve">== čeština ==

=== výslovnost ===
* {{IPA|mladiː}}
* {{Audio|Cs-mladý.ogg|mladý}}

=== dělení ===
* mla-dý

=== podstatné jméno ===
* ''rod mužský životný''
* ''zpodstatnělé přídavné jméno''

==== skloňování ====
{{Substantivum (cs)
  | snom = mladý
  | sgen = [[mladého]]
  | sdat = [[mladému]]
  | sacc = [[mladého]]
  | svoc = mladý
  | sloc = [[mladém]]
  | sins = [[mladým]]
  | pnom = [[mladí]]
  | pgen = [[mladých]]
  | pdat = [[mladým]]
  | pacc = [[mladé]]
  | pvoc = [[mladí]]
  | ploc = [[mladých]]
  | pins = [[mladými]]
}}

==== význam ====
# mladý [[člověk]]
#* {{Příklad|cs|Mladí přicházejí s drogami do kontaktu čím dál snadněji.}}&lt;ref&gt;{{Citace periodika
 | jméno = Marek
 | příjmení = Hýř
 | titul = Youtubeři jsou pro děti vzor. Někteří je učí, jak brát drogy
 | periodikum = Metro
 | issn = 1211-7811
 | strany = 8
 | den = 13 | měsíc = červen | rok = 2017
 | číslo = 113
}}&lt;/ref&gt;

=== přídavné jméno ===
* ''tvrdé''

==== skloňování ====
{{Adjektivum (cs)
  | snomma = mladý
  | snomm = mladý
  | snomf = [[mladá]]
  | snomn = [[mladé]]
  | pnomma = [[mladí]]
  | pnomm = [[mladé]]
  | pnomf = [[mladé]]
  | pnomn = [[mladá]]
  | sgenma = [[mladého]]
  | sgenm = [[mladého]]
  | sgenf = [[mladé]]
  | sgenn = [[mladého]]
  | pgenma = [[mladých]]
  | pgenm = [[mladých]]
  | pgenf = [[mladých]]
  | pgenn = [[mladých]]
  | sdatma = [[mladému]]
  | sdatm = [[mladému]]
  | sdatf = [[mladé]]
  | sdatn = [[mladému]]
  | pdatma = [[mladým]]
  | pdatm = [[mladým]]
  | pdatf = [[mladým]]
  | pdatn = [[mladým]]
  | saccma = [[mladého]]
  | saccm = mladý
  | saccf = [[mladou]]
  | saccn = [[mladé]]
  | paccma = [[mladé]]
  | paccm = [[mladé]]
  | paccf = [[mladé]]
  | paccn = [[mladá]]
  | slocma = [[mladém]]
  | slocm = [[mladém]]
  | slocf = [[mladé]]
  | slocn = [[mladém]]
  | plocma = [[mladých]]
  | plocm = [[mladých]]
  | plocf = [[mladých]]
  | plocn = [[mladých]]
  | sinsma = [[mladým]]
  | sinsm = [[mladým]]
  | sinsf = [[mladou]]
  | sinsn = [[mladým]]
  | pinsma = [[mladými]]
  | pinsm = [[mladými]]
  | pinsf = [[mladými]]
  | pinsn = [[mladými]]
  | snomma-jm = [[mlád]]
  | snomm-jm = [[mlád]]
  | pnomma-jm = [[mládi]]
  | pnomm-jm = [[mlády]]
  | snomf-jm = [[mláda]]
  | pnomf-jm = [[mlády]]
  | snomn-jm = [[mládo]]
  | pnomn-jm = [[mláda]]
  | saccm-jm = [[mlád]]
  | saccma-jm = [[mláda]]
  | saccf-jm = [[mládu]]
  | saccn-jm = [[mládo]]
  | paccma-jm = [[mlády]]
  | paccm-jm = [[mlády]]
  | paccf-jm = [[mlády]]
  | paccn-jm = [[mláda]]
}}

==== stupňování ====
{{Stupňování (cs)
  | poz = mladý
  | komp = mladší
  | sup = nejmladší
}}

==== význam ====
# [[mající]] [[nízký]] [[věk]]
#* {{Příklad|cs|Když jsem byl mladý, myslel jsem si, že můžu dělat, co budu chtít.}}

==== překlady ====
# {{Překlady
  | význam = mající nízký věk
  | af = {{P|af|jonk}}
  | de = {{P|de|jung}}
  | en = {{P|en|young}}
  | es = {{P|es|joven}}
  | fi = {{P|fi|nuori}}
  | fr = {{P|fr|jeune}}
  | he = {{P|he|צָעִיר}}
  | ia = {{P|ia|juvenes}}
  | it = {{P|it|giovane}}
  | lt = {{P|lt|jaunas}}
  | lv = {{P|lv|jauns}}
  | nl = {{P|nl|jong}}
  | pl = {{P|pl|młody}}
  | pt = {{P|pt|jovens}}
  | ru = {{P|ru|молодой}}
  | sk = {{P|sk|mladý}}
  | sv = {{P|sv|ung}}
  | tl = {{P|tl|bata}}
  | vi = {{P|vi|trẻ}}
}}

==== antonyma ====
# [[starý]]

==== související ====
* [[mladě]]
* [[mládí]]
* [[mladé]]
* [[mladík]]
* [[mladina]]
* [[mladost]]
* [[mládnout]]

== poznámky ==
&lt;references /&gt;

[[Kategorie:Česká substantiva]]
[[Kategorie:Česká adjektiva]]</text>
    <sha1>34bfejlre0onds5pz4hzw2mhb4mz0eu</sha1>
</revision>
</page>
<page>
<title>takový</title>
<ns>0</ns>
<id>17856</id>
<revision>
    <id>963807</id>
    <parentid>930369</parentid>
    <timestamp>2018-07-20T08:47:52Z</timestamp>
    <contributor>
        <username>Cetiletý pedone-marciatore</username>
        <id>26692</id>
    </contributor>
    <comment>+ Pehe @2012</comment>
    <model>wikitext</model>
    <format>text/x-wiki</format>
    <text xml:space="preserve">== čeština ==

=== výslovnost ===
* {{IPA|ˈtakɔviː}}
* {{Audio|Cs-takový.ogg|takový}}

==== homofony ====
* [[takoví]]

=== zájmeno ===
* ''ukazovací''

==== skloňování ====
{{Zájmeno adj (cs)
  | snomma = takový
  | snomm = takový
  | snomf = [[taková]]
  | snomn = [[takové]]
  | pnomma = [[takoví]]
  | pnomm = [[takové]]
  | pnomf = [[takové]]
  | pnomn = [[taková]]
  | sgenma = [[takového]]
  | sgenm = [[takového]]
  | sgenf = [[takové]]
  | sgenn = [[takového]]
  | pgenma = [[takových]]
  | pgenm = [[takových]]
  | pgenf = [[takových]]
  | pgenn = [[takových]]
  | sdatma = [[takovému]]
  | sdatm = [[takovému]]
  | sdatf = [[takové]]
  | sdatn = [[takovému]]
  | pdatma = [[takovým]]
  | pdatm = [[takovým]]
  | pdatf = [[takovým]]
  | pdatn = [[takovým]]
  | saccma = [[takového]]
  | saccm = takový
  | saccf = [[takovou]]
  | saccn = [[takové]]
  | paccma = [[takové]]
  | paccm = [[takové]]
  | paccf = [[takové]]
  | paccn = [[taková]]
  | slocma = [[takovém]]
  | slocm = [[takovém]]
  | slocf = [[takové]]
  | slocn = [[takovém]]
  | plocma = [[takových]]
  | plocm = [[takových]]
  | plocf = [[takových]]
  | plocn = [[takových]]
  | sinsma = [[takovým]]
  | sinsm = [[takovým]]
  | sinsf = [[takovou]]
  | sinsn = [[takovým]]
  | pinsma = [[takovými]]
  | pinsm = [[takovými]]
  | pinsf = [[takovými]]
  | pinsn = [[takovými]]
}}

==== význam ====
# ''ukazuje na vlastnosti někoho nebo něčeho''
#* {{Příklad|cs|'''Takový''' míč bych taky chtěl.}}
#* {{Příklad|cs|V '''takovém''' státě se prý nic nedá dělat proti džungli kasin a heren, proti nočním klubům, proti pochybným tržnicím, (…) proti systémové manipulaci veřejných zakázek a korupci. V '''takovém''' státě vláda sice vládne, ale není jasné v zájmu koho, a prezident bůhví v zájmu koho raději (…). Žít v '''takovém''' státě je dost riziková záležitost.}}&lt;ref&gt;Jiří Pehe: [http://blog.aktualne.cz/blogy/jiri-pehe.php?itemid=17558 Stát čtvrté cenové skupiny], září 2012&lt;/ref&gt;
# ''vyjadřuje velkou míru, kvalitu apod.''
#* {{Příklad|cs|Kriste Pane, '''taková''' chyba! To se hned tak nevidí! Doufám, že se ti to už nestane...}}
# ''ukazuje na někoho nebo něco jako příklad;'' [[například]]
#* {{Příklad|cs|'''Takový''' Pepa, ten by tu chybu neudělal.}}

==== překlady ====
# {{Překlady
  | význam = poukaz na vlastnosti
  | de = {{P|de|solcher}}, {{P|de|so ein}}
  | el = {{P|el|τέτοιος}}
  | en = {{P|en|such}}, {{P|en|like}} {{P|en|this}}
  | fi = {{P|fi|sellainen}}
  | fr = {{P|fr|tel}}, {{P|fr|comme ça}}
  | it = {{P|it|tale}}
  | la = {{P|la|talis}}
  | pl = {{P|pl|taki}}
  | ru = {{P|ru|такой}}
  | sk = {{P|sk|taký}}
  | sv = {{P|sv|så}}
}}
# {{Překlady
  | význam = tak velký
  | el = {{P|el|τόσος}}, {{P|el|τοσαυτός}}
  | es = {{P|es|tanto}}
  | la = {{P|la|tantus}}
}}
# {{Překlady
}}

==== související ====
* [[takovýto]]
* [[takovýhle]]
* [[taký]]

== poznámky ==
&lt;references /&gt;

[[Kategorie:Česká zájmena]]</text>
    <sha1>j1iu09sgw3qgsifww8vvjpn3he16utk</sha1>
</revision>
</page>
<page>
<title>tahle</title>
<ns>0</ns>
<id>108547</id>
<revision>
    <id>1067984</id>
    <parentid>873511</parentid>
    <timestamp>2019-09-20T20:29:16Z</timestamp>
    <contributor>
        <username>JAnDbot</username>
        <id>1108</id>
    </contributor>
    <minor />
    <comment>Robot: kosmetické úpravy</comment>
    <model>wikitext</model>
    <format>text/x-wiki</format>
    <text xml:space="preserve">{{Viz|táhle|táhlé}}

== čeština ==

=== výslovnost ===
* {{IPA|taɦlɛ}}

=== dělení ===
* ta-hle

=== zájmeno ===
* ''ukazovací''
* ''rod ženský''

==== skloňování ====
* ''číslo jednotné''
{{Zájmeno (cs)
  | nom = tahle
  | gen = téhle
  | dat = téhle
  | acc = [[tuhle]]
  | loc = téhle
  | ins = touhle
}}
* ''číslo množné''
{{Zájmeno (cs)
  | nom = tyhle
  | gen = těchhle
  | dat = těmhle
  | acc = tyhle
  | loc = těchhle
  | ins = těmihle
}}

==== význam ====
# ''odkazuje k věci rodu ženského, o které je řeč nebo která vyplývá ze souvislostí''
#* {{Příklad|cs|Tahle silnice je plná děr.}}

==== překlady ====
# {{Překlady
  | význam = tato
  | de = {{P|de|diese}}
  | en = {{P|en|this}}
  | fr = {{P|fr|cette}}
  | it = {{P|it|questa}}
  | la = {{P|la|haec}}
  | ru = {{P|ru|эта}}
  | sk = {{P|sk|táto}}
}}

==== synonyma ====
# [[tato]]

[[Kategorie:Česká zájmena]]</text>
    <sha1>ncc67ot708xn6fpq3h08z18g8m1amlh</sha1>
</revision>
</page>
<page>
    <title>já</title>
    <ns>0</ns>
    <id>911</id>
    <revision>
      <id>994568</id>
      <parentid>988058</parentid>
      <timestamp>2019-02-12T15:21:23Z</timestamp>
      <contributor>
        <username>JOtt</username>
        <id>3666</id>
      </contributor>
      <minor />
      <comment>/* skloňování */ formát</comment>
      <model>wikitext</model>
      <format>text/x-wiki</format>
      <text xml:space="preserve">{{Viz|ja|jà|jā|ја|ją|-ja|JA}}

== čeština ==

=== výslovnost ===
* {{IPA|jaː}}, {{Audio|Cs-já.ogg|já}}

=== dělení ===
* já

=== podstatné jméno ===
* ''rod střední''
* ''nesklonné''

==== význam ====
# [[osobnost]] [[člověk]]a
#* {{Příklad|cs|Vždyť člověk vlastně žádné „'''já'''“ nemá. Je ničím, docela ničím, neboli jak vykládá kabalistická kniha Tikunim, hebrejské slovo ajin, tj. NIC, a slovo anij, JÁ, se skládají z týchž hlásek, jenže jinak seskupených. Také jiní světci nevyslovovali slůvka „'''já'''“.}}&lt;ref name=&quot;9b&quot;&gt;{{Citace monografie
  | příjmení = Langer
  | jméno = Jiří
  | odkaz na autora = w:Jiří Langer
  | titul = Devět bran Chasidů tajemství
  | vydavatel = Československý spisovatel
  | místo = Praha
  | rok = 1965
  | vydání = 2
  | strany = 87-88
}}&lt;/ref&gt;

==== překlady ====
# {{Překlady
  | význam = osobnost člověka
  | de = {{P|de|Ich|n}}, {{P|de|Ego|n}}, {{P|de|Selbst|n}}
  | en = {{P|en|ego}}, {{P|en|self}}
  | fr = {{P|fr|moi|m}}, {{P|fr|égo|m}}
}}

==== synonyma ====
# [[osobnost]], [[ego]]

==== související ====
* [[nadjá]]
* [[jáství]]

=== zájmeno ===
* ''osobní''

==== skloňování ====
{{Zájmeno (cs)
  | nom = já
  | gen = [[mě]] / {{Příznak2|kniž.}} [[mne]]&lt;ref name = &quot;IJP&quot;&gt;{{IJP|já_1||2014-03-08}}&lt;/ref&gt;
  | dat = [[mně]] / [[mi]]
  | acc = [[mě]] / {{Příznak2|kniž.}} [[mne]]&lt;ref name = &quot;IJP&quot;/&gt;
  | voc = já
  | loc = [[mně]]
  | ins = [[mnou]]
}}

==== význam ====
# ''označuje samotného mluvčího''
#* {{Příklad|cs|Kdo tě líbá, když ne '''já'''? Kdo tě hlídá, když ne '''já'''? Okno v přízemí je zavřené i dnes...}}&lt;ref&gt;Olympic: ''Okno mé lásky''&lt;/ref&gt;
#* {{Příklad|cs|Na to zapomeňte! Se '''mnou''' tohle nikdo neprodiskutoval! A já jsem tady, s dovolením, majitel...}}
#* {{Příklad|cs|Já jsem nejchytřejší.}}
#* {{Příklad|cs|Chcete-li se tudíž o někom, koho ještě neznáte, přesvědčit, zda je světec, zeptejte se ho: „Račte býti pan X., račte být paní Y.?“ A řekne-li: „Ano, to jsem '''já''',“ buďte ujištěni, že to není světec.}}&lt;ref name=&quot;9b-2&quot;&gt;{{Citace monografie
  | příjmení = Langer
  | jméno = Jiří
  | odkaz na autora = w:Jiří Langer
  | titul = Devět bran Chasidů tajemství
  | vydavatel = Československý spisovatel
  | místo = Praha
  | rok = 1965
  | vydání = 2
  | strany = 88
}}&lt;/ref&gt;

==== překlady ====
# {{Překlady
  | význam = samotný mluvčí
  | ab = {{P|ab|сара}}
  | abe = {{P|abe|nia}}
  | an = {{P|an|yo}}
  | ar = {{P|ar|أنَا}}
  | ast = {{P|ast|yo}}
  | atv = {{P|atv|мен}}
  | az = {{P|az|mən}}
  | ba = {{P|ba|мин}}
  | be = {{P|be|я}}
  | bg = {{P|bg|аз}}
  | bn = {{P|bn|আমি}}
  | ca = {{P|ca|jo}}
  | ce = {{P|ce|со}}
  | ceb = {{P|ceb|ako}}
  | chr = {{P|chr|ᎠᏯ}}
  | csb = {{P|csb|jô}}
  | cv = {{P|cv|эпĕ}}
  | da = {{P|da|jeg}}
  | de = {{P|de|ich}}
  | dsb = {{P|dsb|ja}}
  | el = {{P|el|εγώ}}
  | en = {{P|en|I}}, {{P|en|me}}
  | eo = {{P|eo|mi}}
  | es = {{P|es|yo}}
  | et = {{P|et|mina}}, {{P|et|ma}}
  | eu = {{P|eu|ni}}
  | fi = {{P|fi|minä}}, {{P|fi|mä}}
  | fo = {{P|fo|eg}}
  | fr = {{P|fr|je}}, {{P|fr|moi}}
  | ga = {{P|ga|mé}}, {{P|ga|mise}}
  | gag = {{P|gag|bän}}
  | gd = {{P|gd|mi}}, {{P|gd|mise}}
  | gl = {{P|gl|eu}}
  | he = {{P|he|אֲנִי|m}}
  | hi = {{P|hi|हम}}, {{P|hi|मैं}}
  | hsb = {{P|hsb|ja}}
  | hu = {{P|hu|én}}
  | hy = {{P|hy|ես}}
  | is = {{P|is|ég}}
  | it = {{P|it|io}}
  | ja = {{P|ja|私}}, {{P|ja|僕}}
  | ka = {{P|ka|მე}}
  | kk = {{P|kk|мен}}
  | kl = {{P|kl|uanga}}
  | ko = {{P|ko|나}}, {{P|ko|저}}
  | ky = {{P|ky|мен}}
  | la = {{P|la|ego}}
  | lb = {{P|lb|ech}}
  | lt = {{P|lt|aš}}
  | lv = {{P|lv|es}}
  | mk = {{P|mk|јас}}
  | nb = {{P|nb|jeg}}
  | nl = {{P|nl|ik}}
  | nn = {{P|nn|eg}}
  | nv = {{P|nv|shí}}
  | pa = {{P|pa|ਮੈਂ}}
  | pl = {{P|pl|ja}}
  | pt = {{P|pt|eu}}
  | ro = {{P|ro|eu}}
  | rom = {{P|rom|me}}
  | ru = {{P|ru|я}}
  | sa = {{P|sa|अहम्}}
  | sah = {{P|sah|мин}}
  | se = {{P|se|mun}}
  | sgs = {{P|sgs|aš}}
  | sk = {{P|sk|ja}}
  | sl = {{P|sl|jaz}}
  | sr-Cyrl = {{P|sr-Cyrl|ја}}
  | sv = {{P|sv|jag}}
  | sw = {{P|sw|mimi}}
  | tk = {{P|tk|men}}
  | tl = {{P|tl|ako}}
  | tr = {{P|tr|ben}}
  | tt = {{P|tt|мин}}
  | ug = {{P|ug|مەن}}
  | udm = {{P|udm|мон}}
  | uk = {{P|uk|я}}
  | ur = {{P|ur|میں}}
  | uz = {{P|uz|men}}
  | vi = {{P|vi|tôi}}, {{P|vi|bác}}
  | zh = {{P|zh|我}}, {{P|zh|吾}}
}}

==== související ====
* [[jáství]]

== poznámky ==
&lt;references /&gt;

[[Kategorie:Česká substantiva]]
[[Kategorie:Česká zájmena]]</text>
      <sha1>tlo72h1aw3wteyfd5f7fzf1ahe1iuij</sha1>
    </revision>
</page>
<page>
<title>sto</title>
<ns>0</ns>
<id>18570</id>
<revision>
    <id>1066656</id>
    <parentid>961346</parentid>
    <timestamp>2019-09-20T20:09:04Z</timestamp>
    <contributor>
        <username>JAnDbot</username>
        <id>1108</id>
    </contributor>
    <minor />
    <comment>Robot: kosmetické úpravy</comment>
    <model>wikitext</model>
    <format>text/x-wiki</format>
    <text xml:space="preserve">== čeština ==

=== výslovnost ===
* {{IPA|stɔ}}
* {{Audio|Cs-sto.ogg|sto}}

==== homofony ====
* [[s to]]

=== dělení ===
* sto

=== číslovka ===
* ''základní''

==== skloňování ====
{{Substantivum (cs)
  | snom = sto
  | sgen = sta
  | sdat = stu
  | sacc = sto
  | svoc = sto
  | sloc = stu
  | sins = [[stem]]
  | pnom = sta
  | pgen = [[set]]
  | pdat = stům
  | pacc = sta
  | pvoc = sta
  | ploc = stech
  | pins = [[sty]]
  | dnom = stě
  | dgen = [[set]]
  | ddat = stům
  | dacc = sta / stě
  | dvoc = sta
  | dloc = stech
  | dins = [[sty]]
}}
* poznámka: ve spojení s počítaným předmětem může zůstat výraz sto nesklonný (ke stu korun / korunám i ke sto korunám)

==== význam ====
# [[označovat|označuje]] [[počet]] [[100]], [[desetkrát]] [[deset]]
#* {{Příklad|cs|Prožil sto roků samoty.}}
# (''přeneseně'') [[hodně]], [[mnoho]]
#* {{Příklad|cs|Bude trvat sto let, než to dokončí.}}

==== překlady ====
# {{Překlady
  | význam = základní číslovka
  | de = {{P|de|hundert}}
  | el = {{P|el|εκατό}}
  | en = {{P|en|hundred}}
  | eo = {{P|eo|cent}}
  | es = {{P|es|ciento}}, {{P|es|cien}}
  | fi = {{P|fi|sata}}
  | fr = {{P|fr|cent}}
  | hu = {{P|hu|száz}}
  | it = {{P|it|cento}}
  | ja = {{P|ja|百}}
  | la = {{P|la|centum}}
  | lt = {{P|lt|šimtas|m}}
  | pt = {{P|pt|cento}}, {{P|pt|cem}}
  | ru = {{P|ru|сто}}
  | sk = {{P|sk|sto}}
  | tr = {{P|tr|yüz}}
  | vi = {{P|vi|trăm}}
}}
# {{Překlady
}}

==== související ====
* [[stý]]
* [[setina]]
* [[sterý]]
* [[stokrát]]
* [[ostošest]]
* [[století]]
* [[stonožka]]
* [[stovka]]
* [[stokoruna]]
* [[stonásobný]]
* [[storuký]]
* [[stoprocentní]]

==== fráze a idiomy ====
* [[na sto honů]]
* [[na sto procent]]
* [[o sto šest]]
* [[být sto let za opicemi]]
* [[to je sto a jedna]]

== latina ==

=== výslovnost ===
* {{IPA|stoː}} ''(klasická restituovaná)''

=== varianty ===
* stō

=== sloveso ===
* 1.konjugace
* intranzitivní

==== význam ====
# ''první osoba jednotného čísla indikativu prézentu aktiva slovesa [[stare#latina|stāre]] — [[stát|stojím]]''

==== související ====
* [[stabo|stābō]]
* [[sistere|sistō]]
* [[consto|constō]]
* [[adsto|adstō]]
* [[steti|stetī]]
* [[stamus|stāmus]]
* [[stabam|stābam]]
* [[exsto|exstō]]
* [[steteram]]
* [[stem#latina|stem]]
* [[starem|stārem]]
* [[stetissem]]

== polština ==

=== výslovnost ===
* {{IPA|stɔ}}
* {{Audio|Pl-sto.ogg|sto}}

=== číslovka ===
{{Doplnit|ohýbání|pl}}

==== význam ====
# [[sto#čeština|sto]]

==== synonyma ====
# [[seta]], [[setka]]

== poznámky ==
* {{IJP|sto|2008-12-31|2009-04-22}}

[[Kategorie:České číslovky]]
[[Kategorie:Tvary latinských sloves]]
[[Kategorie:Polské číslovky]]</text>
    <sha1>taxpa9u6ipp33drxke8c6bgfa4w2soi</sha1>
</revision>
</page>
<page>
<title>čtyři</title>
<ns>0</ns>
<id>18415</id>
<revision>
    <id>1075579</id>
    <parentid>927130</parentid>
    <timestamp>2019-09-20T21:54:36Z</timestamp>
    <contributor>
        <username>JAnDbot</username>
        <id>1108</id>
    </contributor>
    <minor />
    <comment>Robot: kosmetické úpravy</comment>
    <model>wikitext</model>
    <format>text/x-wiki</format>
    <text xml:space="preserve">== čeština ==

=== výslovnost ===
* {{IPA|t͡ʃtɪr̝ɪ}}, {{Audio|Cs-čtyři.ogg|čtyři}}

=== dělení ===
* čty-ři

=== varianty ===
* {{Příznak2|ob.}} [[čtyry]]
* {{Příznak2|nář.}} [[štyry]]

=== číslovka ===
* ''základní''

==== skloňování ====
{{Číslovka (cs)
  | nom = čtyři
  | gen = [[čtyř]] / {{Příznak2|hovor.}} [[čtyřech]]&lt;ref&gt; {{Naše řeč|příjmení=Sedláček|jméno=Miloslav|odkaz na autora=Miloslav Sedláček|titul=Bez třech a čtyřech?|rok=1993|ročník=76|číslo=2|strany=111|art=7134}}&lt;/ref&gt;
  | dat = [[čtyřem]]
  | acc = čtyři
  | voc = čtyři
  | loc = [[čtyřech]]
  | ins = [[čtyřmi]] / [[čtyřma]]&lt;ref&gt; Tvar instrumentálu ''[[čtyřma]]'' se používá jen ve spojení se substantivy končícími ''-ma'', např. {{Příklad|cs|mezi čtyřma očima}}.&lt;/ref&gt;
}}

==== význam ====
# [[přirozené číslo]] [[následující]] [[po]] [[číslo|čísle]] [[tři]], [[zapisovaný|zapisované]] [[arabský|arabskou]] [[číslice|číslicí]] 4]

==== překlady ====
# {{Překlady
  | význam = počet 4
  | af = {{P|af|vier}}
  | ar = {{P|ar|أَرْبَعَة|m}}, {{P|ar|أَرْبَع|f}}
  | az = {{P|az|dörd}}
  | be = {{P|be|чатыры}}
  | bg = {{P|bg|четири}}
  | ca = {{P|ca|quatre}}
  | co = {{P|co|quattru}}
  | csb = {{P|csb|szterë}}
  | da = {{P|da|fire}}
  | de = {{P|de|vier}}
  | el = {{P|el|τέσσερις|c}}, {{P|el|τέσσερα|n}}
  | en = {{P|en|four}}
  | eo = {{P|eo|kvar}}
  | es = {{P|es|cuatro}}
  | et = {{P|et|neli}}
  | eu = {{P|eu|lau}}
  | fi = {{P|fi|neljä}}
  | fo = {{P|fo|fýra}}
  | fr = {{P|fr|quatre}}
  | ga = {{P|ga|ceathair}}
  | grc = {{P|grc|τέτταρες}}, {{P|grc|τέσσαρες}}
  | he = {{P|he|אַרְבָּעָה|m}}, {{P|he|אַרְבַּע|f}}
  | hi = {{P|hi|चार}}
  | hr = {{P|hr|četiri}}
  | hu = {{P|hu|négy}}
  | hy = {{P|hy|չորս}}
  | is = {{P|is|fjórir|m}}, {{P|is|fjórar|f}}, {{P|is|fjögur|n}}
  | it = {{P|it|quattro}}
  | ja = {{P|ja|四つ}}, {{P|ja|四}}
  | ka = {{P|ka|ოთხი}}
  | kk = {{P|kk|төрт}}
  | kl = {{P|kl|sisamat}}
  | kn = {{P|kn|ನಾಲ್ಕು}}
  | ko = {{P|ko|넷}}, {{P|ko|사}}
  | la = {{P|la|quattuor}}
  | liv = {{P|liv|nēļa}}
  | lo = {{P|lo|ສີ່}}
  | lt = {{P|lt|keturi|m}}, {{P|lt|keturios|f}}
  | ltg = {{P|ltg|četri|m}}, {{P|ltg|četrys|f}}
  | lv = {{P|lv|četri|m}}, {{P|lv|četras|f}}
  | mt = {{P|mt|erbgħa}}
  | ne = {{P|ne|चार}}
  | nl = {{P|nl|vier}}
  | no = {{P|no|fire}}
  | pl = {{P|pl|cztery}}
  | pt = {{P|pt|quatro}}
  | ro = {{P|ro|patru}}
  | rom = {{P|rom|štar}}
  | ru = {{P|ru|четыре}}
  | sgs = {{P|sgs|ketori}}
  | sk = {{P|sk|štyri}}
  | sl = {{P|sl|štiri}}
  | sq = {{P|sq|katër}}
  | sr-Cyrl = {{P|sr-Cyrl|четири}}
  | sv = {{P|sv|fyra}}
  | syr = {{P|syr|ܐܰܪܒܥܳܐ|m}}, {{P|syr|ܐܰܪܒܰܥ|f}}
  | th = {{P|th|สี่}}
  | tmr = {{P|tmr|אַרְבְּעָה|m}}, {{P|tmr|אַרְבַּע|f}}
  | tr = {{P|tr|dört}}
  | tt = {{P|tt|дүрт}}
  | uk = {{P|uk|чотири}}
  | vi = {{P|vi|bốn}}
  | yi = {{P|yi|פֿיר}}
  | zh = {{P|zh|四}}
}}

==== související ====
* [[čtvrtý]]
* [[čtyřka]]
* [[čtrnáct]]
* [[čtyřicet]]
* [[čtvero]]
* [[čtverý]]
* [[čtyřnásobný]]
* [[čtyřprocentní]]
* [[čtyřikrát]]
* [[čtyřúhelník]]
* [[čtverylka]]
* [[čtveřice]]
* [[čtyřlístek]]

==== slovní spojení ====
* [[po čtyřech]]

== poznámky ==
* {{IJP|čtyři|2008-03-10|2013-06-18}}
&lt;references /&gt;

[[Kategorie:České číslovky]]</text>
    <sha1>ruivgd4kgnnp5e1z7ayscsz86x7iko8</sha1>
</revision>
</page>
<page>
    <title>kolikátý</title>
    <ns>0</ns>
    <id>66098</id>
    <revision>
      <id>1046355</id>
      <parentid>1015193</parentid>
      <timestamp>2019-09-20T11:21:21Z</timestamp>
      <contributor>
        <username>JAnDbot</username>
        <id>1108</id>
      </contributor>
      <minor />
      <comment>Robot: kosmetické úpravy</comment>
      <model>wikitext</model>
      <format>text/x-wiki</format>
      <text xml:space="preserve">== čeština ==

=== výslovnost ===
* {{IPA|kɔlɪkaːtiː}}

=== dělení ===
* ko-li-ká-tý

=== číslovka ===
* ''řadová''

==== skloňování ====
{{Adjektivum (cs)
  | snomma = kolikátý
  | snomm = kolikátý
  | snomf = kolikátá
  | snomn = kolikáté
  | pnomma = kolikátí
  | pnomm = kolikáté
  | pnomf = kolikáté
  | pnomn = kolikátá
  | sgenma = kolikátého
  | sgenm = kolikátého
  | sgenf = kolikáté
  | sgenn = kolikátého
  | pgenma = kolikátých
  | pgenm = kolikátých
  | pgenf = kolikátých
  | pgenn = kolikátých
  | sdatma = kolikátému
  | sdatm = kolikátému
  | sdatf = kolikáté
  | sdatn = kolikátému
  | pdatma = kolikátým
  | pdatm = kolikátým
  | pdatf = kolikátým
  | pdatn = kolikátým
  | saccma = kolikátého
  | saccm = kolikátý
  | saccf = kolikátou
  | saccn = kolikáté
  | paccma = kolikáté
  | paccm = kolikáté
  | paccf = kolikáté
  | paccn = kolikátá
  | slocma = kolikátém
  | slocm = kolikátém
  | slocf = kolikáté
  | slocn = kolikátém
  | plocma = kolikátých
  | plocm = kolikátých
  | plocf = kolikátých
  | plocn = kolikátých
  | sinsma = kolikátým
  | sinsm = kolikátým
  | sinsf = kolikátou
  | sinsn = kolikátým
  | pinsma = kolikátými
  | pinsm = kolikátými
  | pinsf = kolikátými
  | pinsn = kolikátými
}}

==== význam ====
# ''vyjadřuje neznámé pořadí objektu''
#* {{Příklad|cs|Kolikátého bylo včera?}}
#* {{Příklad|cs|Není jasné, v kolikátém pořadači je ten papír uložený.}}

==== překlady ====
# {{Překlady
  | význam = neznámé pořadí objektu
  | de = {{P|de|wievielte}}, {{P|de|Wievielte}}
  | fr = {{Příznak2|hovor.}} {{P|fr|combientième}}
  | hu = {{P|hu|hányadik}}
  | sk = {{P|sk|koľký}}
  | tl = {{P|tl|pang-ilan}}
}}

==== související ====
* [[tolikátý]]
* [[kolikrát]]
* [[několikátý]]
* [[pokolikáté]]

== poznámky ==
* {{IJP|kolikátý|2008-09-04|2012-09-14}}

[[Kategorie:České číslovky]]</text>
      <sha1>lvps3diwilitpbl06hys23coj36qawz</sha1>
    </revision>
  </page>
  <page>
    <title>jít</title>
    <ns>0</ns>
    <id>869</id>
    <revision>
      <id>1045299</id>
      <parentid>1000994</parentid>
      <timestamp>2019-09-20T11:06:01Z</timestamp>
      <contributor>
        <username>JAnDbot</username>
        <id>1108</id>
      </contributor>
      <minor />
      <comment>Robot: kosmetické úpravy</comment>
      <model>wikitext</model>
      <format>text/x-wiki</format>
      <text xml:space="preserve">== čeština ==

=== výslovnost ===
* {{IPA|jiːt}}
* {{Audio|Cs-jít.ogg|jít}}

=== dělení ===
* jít

=== sloveso ===
* ''intranzitivní''
* ''nedokonavé''

==== varianty ====
* {{Příznak2|zast.}} [[jíti]]

==== časování ====
{{Sloveso (cs)
  | spre1 = [[jdu]]
  | ppre1 = [[jdeme]]
  | spre2 = [[jdeš]]
  | ppre2 = [[jdete]]
  | spre3 = [[jde]]
  | ppre3 = [[jdou]]
  | fut = zobrazit
  | sfut1 = [[půjdu]]
  | pfut1 = [[půjdeme]]
  | sfut2 = [[půjdeš]]
  | pfut2 = [[půjdete]]
  | sfut3 = [[půjde]]
  | pfut3 = [[půjdou]]
  | pimp1 = [[pojďme]] / [[jděme]]
  | simp2 = [[pojď]] / [[jdi]]
  | pimp2 = [[pojďte]] / [[jděte]]
  | sactm = [[šel]]
  | pactm = [[šli]]
  | sactf = [[šla]]
  | pactf = [[šly]]
  | sactn = [[šlo]]
  | spasm = [[jit]]
  | ppasm = [[jiti]]
  | spasf = [[jita]]
  | ppasf = [[jity]]
  | spasn = [[jito]]
  | ptram = [[jda]]
  | ptraf = [[jdouc]]
  | ptrap = [[jdouce]]
  | mtram = [[šed]]
  | mtraf = [[šedši]]
  | mtrap = [[šedše]]
}}

==== význam ====
# [[pohybovat]] [[se]] [[chůze|chůzí]]
#* {{Příklad|cs|Šel po ulici.}}
#* {{Příklad|cs|Šel do školky.}}
# [[přicházet]]
#* {{Příklad|cs|Šly mraky a dělaly se hory od západu, na které čekalo již obyvatelstvo přes patnáct let.}}&lt;ref&gt;Jaroslav Hašek: [[s:Inspektor dešťoměrného ústavu z Prahy|Inspektor dešťoměrného ústavu z Prahy]]&lt;/ref&gt;
# [[fungovat]]
#* {{Příklad|cs|Už ti jde televize?}}
# {{Vazba|cs|o + akuzativ}} ''neosobní podmět'' [[mít]] [[jako]] [[téma]]
#* {{Příklad|cs|Nevím, o co jde, ale asi to nebude nic důležitého.}}
# {{Příznaky|cs|hovor.}} {{Vazba|cs|po + lokál}} [[útočit]] [[na]] [[někdo|někoho]] [[či]] [[snažit se]] [[on|jej]] [[poškodit]]
#* {{Příklad|cs|Když utíkal přes hranici, šli po něm pohraničníci se psy.}}

==== překlady ====
# {{Překlady
  | význam = pohybovat se chůzí
  | af = {{P|af|gaan}}
  | de = {{P|de|gehen}}
  | en = {{P|en|go}}
  | es = {{P|es|ir}}
  | eu = {{P|eu|joan}}
  | fi = {{P|fi|mennä}}
  | fr = {{P|fr|aller}}
  | it = {{P|it|andare}}
  | ja = {{P|ja|歩いて行く}}, {{P|ja|行く}}
  | lt = {{P|lt|eiti}}
  | lv = {{P|lv|iet}}
  | nl = {{P|nl|gaan}}
  | pl = {{P|pl|iść}}
  | sk = {{P|sk|isť}}
  | sr-Cyrl = {{P|sr-Cyrl|ићи}}
  | sv = {{P|sv|gå}}
  | tl = {{P|tl|pumuntá}}, {{P|tl|puntáhan}}
  | uk = {{P|uk|йти}}
  | vo = {{P|vo|golön}}
  | xh = {{P|xh|ukuya}}
}}
# {{Překlady
}}
# {{Překlady
}}
# {{Překlady
}}
# {{Překlady
}}

==== synonyma ====
# [[chodit]], {{Příznak2|kniž.}} [[kráčet]], [[ubírat se]], [[rázovat]]
# —
# [[fungovat]], [[pracovat]]
# [[jednat se]], [[běžet]], [[týkat se]], [[kráčet]]
# [[pronásledovat]]

==== antonyma ====
# [[stát]]
# —
# —
# —
# [[pomáhat]]

==== související ====
* [[jití]]
* [[jdoucí]]
* [[dojít]]
* [[nadejít]]
* [[najít]]
* [[obejít]]
* [[odejít]]
* [[podejít]]
* [[pojít]]
* [[popojít]]
* [[projít]]
* [[předejít]]
* [[přejít]]
* [[přijít]]
* [[rozejít se]]
* [[sejít]]
* [[ujít]]
* [[vejít]]
* [[vyjít]]
* [[vzejít]]
* [[zajít]]
* [[šed]]

==== fráze a idiomy ====
* [[jde to]] ([[jde to, ale dře to]])
* [[jít cugrunt]]
* [[jít do detailu]]
* [[jít do Hajan]]
* [[jít do hajzlu]]
* [[jít do hloubky]]
* [[jít do háje]]
* [[jít do kolen]]
* [[jít do kopru]]
* [[jít do kriminálu]]
* [[jít do Prčic]]
* [[jít do prdele]]
* [[jít do sebe]]
* [[jít do sraček]]
* [[jít do tuhého]]
* [[jít dál]]
* [[jít jak po drátkách]]&lt;!-- (v SSJČ jen „na“) --&gt;
* [[jít jako po másle]]
* [[jít k soudu]]
* [[jít k šípku]]
* [[jít k výslechu]]
* [[jít ke zpovědi]]
* [[jít na dračku]]
* [[jít na kutě]]
* [[jít na rajz]]
* [[jít na rande]]
* [[jít na špacír]]
* [[jít na to]]
* [[jít na věc]]
* [[jít na výšku]] / [[jít na vejšku]] / [[jít na vysokou]]
* [[jít na]]&lt;!-- (na kuchaře, na zedníka, kněze, doktora) x jít (si) na švestky, na jahody) --&gt;
* [[jít od desíti k pěti]]
* [[jít před soud]]
* [[jít příkladem]]
* [[jít sedět]]
* [[jít s kým]]
* [[jít s pravdou ven]]
* [[jít s prosíkem]] / [[jít prosíkem]]
* [[jít s sebou]]
* [[jít se poradit s vaňkem]]
* [[jít se vysrat]]
* [[jít si stěžovat na hlavní nádraží]]
* [[jít si stěžovat na lampárnu]]
* [[jít v ústrety]]
* [[jít vstříc]]
* [[jít za svědka]]
* [[jít ztuha]]
* [[jít žebrotou]]

==== přísloví, rčení a pořekadla ====
* [[nejde-li hora k Mohamedovi, musí jít Mohamed k hoře]]
* [[jaký šel, takovou našel]]

== poznámky ==
&lt;references /&gt;

[[Kategorie:Česká slovesa]]
[[Kategorie:Česká nepravidelná slovesa]]</text>
      <sha1>2ezxvxmool832qovx3adggax3hcd965</sha1>
    </revision>
  </page>
  <page>
    <title>jíst</title>
    <ns>0</ns>
    <id>22498</id>
    <revision>
      <id>1045297</id>
      <parentid>1000992</parentid>
      <timestamp>2019-09-20T11:06:00Z</timestamp>
      <contributor>
        <username>JAnDbot</username>
        <id>1108</id>
      </contributor>
      <minor />
      <comment>Robot: kosmetické úpravy</comment>
      <model>wikitext</model>
      <format>text/x-wiki</format>
      <text xml:space="preserve">{{Viz|jist|jisť}}

== čeština ==

=== výslovnost ===
* {{IPA|jiːst}}
* {{Audio|Cs-jíst.ogg|jíst}}

==== homofony ====
* [[jízd]]

=== dělení ===
* jíst

=== sloveso ===
* ''nedokonavé''
* ''tranzitivní i intranzitivní''

==== varianty ====
* {{Příznak2|zast.}} [[jísti]]

==== časování ====
{{Sloveso (cs)
  | spre1 = [[jím]]
  | ppre1 = jíme
  | spre2 = [[jíš]]
  | ppre2 = jíte
  | spre3 = [[jí]]
  | ppre3 = jedí
  | pimp1 = jezme
  | simp2 = [[jez]]
  | pimp2 = jezte
  | sactm = jedl
  | pactm = [[jedli]]
  | sactf = jedla
  | pactf = jedly
  | sactn = jedlo
  | spasm = [[jeden]]
  | ppasm = jedeni
  | spasf = jedena
  | ppasf = jedeny
  | spasn = jedeno
  | ptram = [[jeda]]
  | ptraf = [[jedouc]]
  | ptrap = [[jedouce]]
  | mtra = skrýt
}}

==== význam ====
# [[přijímat]] [[potrava|potravu]] [[ústa|ústy]] (''zpravidla o člověku'')
#* {{Příklad|cs|Jím pravidelně pětkrát denně.}}
#* {{Příklad|cs|V dětství jsem nejedl houby.}}

==== překlady ====
# {{Překlady
  | význam = přijímat potravu
  | cu = {{P|cu|ꙗсти}}
  | de = {{P|de|essen}}
  | en = {{P|en|eat}}
  | eo = {{P|eo|manĝi}}
  | es = {{P|es|comer}}
  | fi = {{P|fi|syödä}}
  | fr = {{P|fr|manger}}
  | hu = {{P|hu|eszik}}
  | it = {{P|it|mangiare}}
  | ja = {{P|ja|食べる}}
  | lad = {{P|lad-Latn|komer}}, {{P|lad-Hebr|קומיר}}
  | lt = {{P|lt|valgyti}}
  | lv = {{P|lv|ēst}}
  | nl = {{P|nl|eten}}
  | pl = {{P|pl|jeść}}
  | pt = {{P|pt|comer}}
  | ru = {{P|ru|есть}}
  | sgs = {{P|sgs|jiestė}}
  | sk = {{P|sk|jesť}}
  | sr-Cyrl = {{P|sr-Cyrl|јести}}
  | sv = {{P|sv|äta}}
  | tl = {{P|tl|kumain}}, {{P|tl|kainin}}
  | uk = {{P|uk|їсти}}
  | yo = {{P|yo|jẹ}}
}}

==== synonyma ====
# [[pojídat]], [[konzumovat]], ''(u zvířat nebo vulgárně)'' [[žrát]], ''(u dětí)'' [[papat]], {{Příznak2|expr.}} [[futrovat]], baštit, ládovat se, cpát se

==== antonyma ====
# [[hladovět]]; [[zvracet]]

==== související ====
* [[jídat]]
* [[jedení]]
* [[sníst]]
* [[najíst se]]
* [[vyjíst]], [[pojíst]]
* [[jídlo]]
* [[jedlý]]

== poznámky ==
* {{IJP|jíst|2008-03-10|2012-09-06}}

[[Kategorie:Česká slovesa]]</text>
      <sha1>lto5siwfgd0xzsyei85cxmnq0tzqplr</sha1>
    </revision>
  </page>
  <page>
    <title>být</title>
    <ns>0</ns>
    <id>866</id>
    <revision>
      <id>1031162</id>
      <parentid>996183</parentid>
      <timestamp>2019-09-20T06:28:44Z</timestamp>
      <contributor>
        <username>JAnDbot</username>
        <id>1108</id>
      </contributor>
      <minor />
      <comment>Robot: kosmetické úpravy</comment>
      <model>wikitext</model>
      <format>text/x-wiki</format>
      <text xml:space="preserve">{{Viz|byt|byť|bít|bit|biť|ВУТ}}

== čeština ==

=== výslovnost ===
* {{IPA|biːt}}, {{Audio|Cs-být.ogg|být}}

==== homofony ====
* [[bít]]
* [[beat]]

=== dělení ===
* být

=== varianty ===
* {{Příznak2|ob.}} [[bejt]]
* {{Příznak2|nář.}} [[bét]], [[bet]]
* {{Příznak2|zast.|kniž.}} [[býti]]

=== sloveso ===
* ''nedokonavé''
* ''pomocné''

==== časování ====
{{Sloveso (cs)
  | spre1 = [[jsem]]
  | ppre1 = [[jsme]]
  | spre2 = [[jsi]]&lt;ref group=&quot;p&quot; name=&quot;seš&quot;&gt;nespisovně: [[seš]] (ale ne ve funkci pomocného slovesa minulého času)&lt;/ref&gt;
  | ppre2 = [[jste]]
  | spre3 = [[je]]&lt;ref group=&quot;p&quot; name=&quot;není&quot;&gt;nepravidelný záporný tvar: [[není]]&lt;/ref&gt; / [[jest]]&lt;ref group=&quot;p&quot; name=&quot;není&quot; /&gt;&lt;ref group=&quot;p&quot; name=&quot;zast&quot;&gt;zastarale, knižně, ve frázích a idiomech&lt;/ref&gt;
  | ppre3 = [[jsou]]
  | fut = zobrazit
  | sfut1 = [[budu]]
  | pfut1 = [[budeme]]
  | sfut2 = [[budeš]]
  | pfut2 = [[budete]]
  | sfut3 = [[bude]]
  | pfut3 = [[budou]]
  | pimp1 = [[buďme]] / [[buďmež]]&lt;ref group=&quot;p&quot; name=&quot;zast&quot; /&gt;
  | simp2 = [[buď]] / [[budiž]]&lt;ref group=&quot;p&quot; name=&quot;zast&quot; /&gt;
  | pimp2 = [[buďte]] / [[buďtež]]&lt;ref group=&quot;p&quot; name=&quot;zast&quot; /&gt;
  | sactm = [[byl]]
  | pactm = [[byli]]
  | sactf = [[byla]]
  | pactf = [[byly]]
  | sactn = [[bylo]]
  | pas = skrýt
  | ptram = [[jsa]]
  | ptraf = [[jsouc]]
  | ptrap = [[jsouce]]
  | mtram = [[byv]]
  | mtraf = [[byvši]]
  | mtrap = [[byvše]]
}}
;pomocné sloveso v podmiňovacím způsobu
{| class=&quot;konjugace verbum&quot;
|-
!'''os.'''
!'''sg'''
!'''pl'''
|-
!'''1.'''
|[[bych]]
|[[bychom]]&lt;ref group=&quot;p&quot; name=&quot;bysme&quot;&gt;nespisovně: [[bysme]], chybně: [[by jsme]]&lt;/ref&gt;
|-
!'''2.'''
|[[bys]]
|[[byste]]&lt;ref group=&quot;p&quot; name=&quot;by jste&quot;&gt;nesprávně: [[by jste]]&lt;/ref&gt;
|-
!'''3.'''
|[[by]]
|[[by]]
|-
|}

&lt;references group=&quot;p&quot; /&gt;

==== význam ====
# [[existovat]], [[vyskytovat se]] [[ve]] [[skutečný|skutečném]] [[svět]]ě; [[zůstávat]] [[při]] [[život]]ě
#* {{Příklad|cs|'''Je''' Bůh? Je vůbec na světě nějaká spravedlnost?}}
#* {{Příklad|cs|Dědeček už tu '''není'''.}}
#* {{Příklad|cs|'''Být''', či '''nebýt'''? To je, oč tu běží.}}
#* {{Příklad|cs|Kde nic '''není''', tam ani smrt nebere.}}
# [[vyskytovat se]] [[ve]] [[skupina|skupině]] [[entita|entit]] [[s]] [[vymezený]]mi [[vlastnost]]mi
#* {{Příklad|cs|Dlouho '''byl''' na seznamu hledaných zločinců.}}
# ''pomocné sloveso v trpném rodě''
#* {{Příklad|cs|byl zabit}}
#* {{Příklad|cs|'''nebude''' zabit}}
# ''pomocné sloveso v minulém čase (pouze v 1. a 2. osobě) ve spojení s příčestím minulým''
#* {{Příklad|cs|dělal '''jsem'''}}
#* {{Příklad|cs|Nepoprosila '''jste''', vy '''jste''' přikázala! A já bloud vás poslechl...}}
# ''pomocné sloveso v budoucím čase nedokonavých sloves ve spojení s infinitivem''
#* {{Příklad|cs|budu dělat}}
# ''pomocné sloveso v kondcionálu''
#* {{Příklad|cs|dělal bych}}
#* {{Příklad|cs|'''Byl bych''' si tu knihu rád dočetl, ale švagr mi ji ztratil v metru.}}
# {{Vazba|cs|někomu něco}} [[prožívat]], [[pociťovat]], [[mít]]
#* {{Příklad|cs|Proč se tak svíjíte? Co vám '''je'''? Bolí vás něco?}}
#* {{Příklad|cs|Před necelým týdnem nepřišla do práce a řekla, že celou noc prozvracela. Ve skutečnosti '''jí''' ale nic '''nebylo'''. A ani teď '''jí''' nic '''není'''. Je to jen chorobná lhářka, nevěřte jí!}}
#* {{Příklad|cs|Chlapečku, kolik '''je ti''' let? '''Jsou mi''' čtyři a půl.}}
# ''sponové sloveso''
#* {{Příklad|cs|Listy stromů '''jsou''' zelené.}}
#* {{Příklad|cs|Koně jsou lichokopytníci. '''Jsem''' Čech.}}
#* {{Příklad|cs|Můj bratr '''je''' programátorem.}}
# {{Vazba|cs|o + lokál}} [[mít]] [[za]] [[téma]]
#* {{Příklad|cs|Ta kniha '''je o''' tom, jak se dá ze staré barabizny udělat pěkný dům.}}

==== překlady ====
# {{Překlady
  | význam = existovat, vyskytovat se
  | be = {{P|be|быць}}
  | csb = {{P|csb|bëc}}
  | cu = {{P|cu|бъіти}}
  | de = {{P|de|sein}}
  | dsb = {{P|dsb|byś}}
  | el = {{P|el|υπάρχω}}, {{P|el|είμαι}}
  | en = {{P|en|be}}
  | eo = {{P|eo|esti}}
  | es = {{P|es|ser}}, {{P|es|estar}}, {{P|es|haber}}
  | fi = {{P|fi|olla}}
  | fr = {{P|fr|être}}, {{P|fr|y avoir}}
  | he = {{P|he|הָיָה}}
  | hsb = {{P|hsb|być}}
  | hu = {{P|hu|lenni}}
  | it = {{P|it|essere}}, {{P|it|stare}}, {{P|it|ci essere}}
  | ja = {{P|ja|有る}}, {{P|ja|在る}}, {{P|ja|居る}}
  | ko = {{P|ko|있다}} &lt;small&gt;(nebýt: {{P|ko|없다}})&lt;/small&gt;
  | la = {{P|la|esse}}
  | lb = {{P|lb|sinn}}
  | lt = {{P|lt|būti}}
  | lv = {{P|lv|būt}}
  | no = {{P|no|være}}
  | pl = {{P|pl|być}}
  | pt = {{P|pt|ser}}, {{P|pt|estar}}
  | ru = {{P|ru|быть}}
  | rue = {{P|rue|быти}}
  | sgs = {{P|sgs|būtė}}
  | sk = {{P|sk|byť}}
  | sv = {{P|sv|vara}}
  | uk = {{P|uk|бути}}
  | vo = {{P|vo|binön}}
  | zh = {{P|zh|是}}
}}
# {{Překlady
}}
# {{Překlady
}}
# {{Překlady
}}
# {{Překlady
}}
# {{Překlady
}}
# {{Překlady
  | význam = prožívat, mít
  | el = {{P|el|έπαθα||παθαίνω}}, {{P|el|είμαι}}, {{P|el|έχω}}
  | fr = {{P|fr|avoir}}, {{P|fr|être}}
}}
# {{Překlady
  | ja = {{P|ja|です}}
  | ko = {{P|ko|이다}} &lt;small&gt;(nebýt: {{P|ko|아니다}})&lt;/small&gt;
  | ru = {{P|ru|являться}}
}}
# {{Překlady
}}

==== synonyma ====
# [[existovat]]; [[nacházet se]]; [[žít]]
# [[figurovat]]
# —
# —
# —
# —
# —
# [[pojednávat]], [[týkat se]]

==== související ====
* [[bytí]]
* [[bude lze]], [[bylo lze]]
* [[budiž]]
* [[nabýt]]
* [[nebýt]]
* [[byt]]
* [[bývat]]

==== fráze a idiomy ====
* [[být jak z divokých vajec]]
* [[být jedno]]
* [[být v prdeli]]
* [[být v loji]]
* [[být v hajzlu]]
* [[být v rejži]]
* [[být v bryndě]]
* [[být v průseru]]
* [[být namydlenej]]
* [[být ukradený]]
* [[být perplex]]
* [[být s to]]
* [[být štont]]
* [[být bez sebe]]
* [[být na káry]]
* [[být na plech]]
* [[být v tom]]
* [[být jeden za osmnáct a druhý bez dvou za dvacet]]
* [[buď jak buď]]
* [[být kantáre]]

==== přísloví, úsloví a pořekadla ====
* [[pozdě bycha honit]]

== poznámky ==
* Jedná se o [[Příloha:Vyjmenovaná slova (čeština)|vyjmenované slovo]] a [[Příloha:Způsobová slovesa (čeština)|nevlastní způsobové sloveso]].

[[Kategorie:Česká slovesa]]
[[Kategorie:Česká nepravidelná slovesa]]</text>
      <sha1>fhfoo4jmapbhhgq7j6stokjdr42kdwc</sha1>
    </revision>
  </page>
  <page>
    <title>blízko</title>
    <ns>0</ns>
    <id>31887</id>
    <revision>
      <id>1030086</id>
      <parentid>833059</parentid>
      <timestamp>2019-09-20T06:16:56Z</timestamp>
      <contributor>
        <username>JAnDbot</username>
        <id>1108</id>
      </contributor>
      <minor />
      <comment>Robot: kosmetické úpravy</comment>
      <model>wikitext</model>
      <format>text/x-wiki</format>
      <text xml:space="preserve">== čeština ==

=== výslovnost ===
* {{IPA|bliːskɔ}}

=== dělení ===
* blíz-ko

=== podstatné jméno ===
* ''rod střední''

==== skloňování ====
{{Substantivum (cs)
  | snom = blízko
  | sgen = blízka
  | sdat = blízku
  | sacc = blízko
  | svoc = blízko
  | sloc = blízku
  | sins = blízkem
}}

==== význam ====
# [[malý|malá]] [[vzdálenost]]
#* {{Příklad|cs|Stál mu na blízku.}}
#* {{Příklad|cs|Z blízka i z dáli se ozývaly výstřely.}}

==== synonyma ====
# [[blízkost]]

==== antonyma ====
# [[dálka]], [[daleko]]

=== předložka ===

==== význam ====
# {{Vazba|cs|+ genitiv}} [[v]] [[malý|malé]] [[vzdálenost]]i
#* {{Příklad|cs|Jejich dům stojí blízko řeky.}}

==== překlady ====
# {{Překlady
  | význam = v malé vzdálenosti
  | de = {{P|de|in der Nähe}}, {{P|de|nahe}}, {{P|de|unweit}}
  | en = {{P|en|near}}, {{P|en|next to}}, {{P|en|close to}}
  | fr = {{P|fr|près de}}
  | it = {{P|it|presso}}
  | nl = {{P|nl|dichtbij}}, {{P|nl|nabij}}
  | pl = {{P|pl|blisko}}, {{P|pl|koło}}
  | ru = {{P|ru|рядом с}}
  | sk = {{P|sk|blízko}}
}}

==== synonyma ====
# [[nedaleko]], [[poblíž]], [[u]]

=== příslovce ===
* ''místa''

==== stupňování ====
{{Stupňování (cs)
  | poz = blízko
  | komp = blíž
  | komp2 = blíže
  | sup = nejblíž
  | sup2 = nejblíž
}}

==== význam ====
# [[v]] [[malý|malé]] [[vzdálenost]]i
#* {{Příklad|cs|Nevím, kde bydlí, ale musíme už být blízko.}}

==== překlady ====
# {{Překlady
  | význam = v malé vzdálenosti
  | de = {{P|de|in der Nähe}}, {{P|de|nahe}}, {{P|de|unweit}}
  | en = {{P|en|nearly}}, {{P|en|closely}}
  | fr = {{P|fr|près}}
  | nl = {{P|nl|dichtbij}}
  | pl = {{P|pl|blisko}}
  | ru = {{P|ru|ближе}}, {{P|ru|близко}}
  | sk = {{P|sk|blízko}}
}}

==== synonyma ====
# [[blízce]], [[nedaleko]], [[nablízku]], [[těsně]], [[co by kamenem dohodil]]

==== antonyma ====
# [[daleko]], [[dalece]]

==== související ====
* [[blizoučko]]

[[Kategorie:Česká substantiva]]
[[Kategorie:České předložky]]
[[Kategorie:Česká příslovce]]</text>
      <sha1>iv4v8vlbtqcjw6788ybl8wbjk4t951g</sha1>
    </revision>
  </page>
  <page>
    <title>často</title>
    <ns>0</ns>
    <id>18438</id>
    <revision>
      <id>1004392</id>
      <parentid>1000956</parentid>
      <timestamp>2019-06-15T12:04:23Z</timestamp>
      <contributor>
        <username>Nicholas ovaloff</username>
        <id>18873</id>
      </contributor>
      <comment>/* překlady */</comment>
      <model>wikitext</model>
      <format>text/x-wiki</format>
      <text xml:space="preserve">{{Viz}}

== čeština ==

=== výslovnost ===
* {{IPA|t͡ʃastɔ}}, {{Audio|Cs-často.ogg|často}}

==== homofony ====
* [[Často]]

=== příslovce ===
* ''času''

==== stupňování ====
{{Stupňování (cs)
  | poz = často
  | komp = častěji
  | sup = nejčastěji
}}

==== význam ====
# [[mnohokrát]] [[v]] [[krátký|krátkém]] [[čas]]e
#* {{Příklad|cs|Dělají to často.}}
# [[v]] [[mnoho|mnoha]] [[případ]]ech
#* {{Příklad|cs|Suchohřib často roste na okrajích vlhkých pasek.}}

==== překlady ====
# {{Překlady
  | význam = mnohokrát opakovaně
  | be = {{P|be|часта}}
  | bg = {{P|bg|често}}
  | csb = {{P|csb|czãsto}}
  | de = {{P|de|oft}}, {{P|de|häufig}}
  | dsb = {{P|dsb|cesto}}
  | el = {{P|el|συχνά}}
  | en = {{P|en|often}}
  | eo = {{P|eo|ofte}}
  | es = {{P|es|a menudo}}, {{P|es|frecuentemente}}
  | fi = {{P|fi|usein}}
  | fr = {{P|fr|souvent}}
  | hr = {{P|hr|često}}
  | hu = {{P|hu|gyakran}}
  | it = {{P|it|spesso}}
  | la = {{P|la|saepe}}
  | nl = {{P|nl|vaak}}, {{P|nl|veelvuldig}}
  | pl = {{P|pl|często}}
  | pt = {{P|pt|frequentemente}}
  | ru = {{P|ru|часто}}, {{P|ru|зачастую}}
  | sk = {{P|sk|často}}
  | uk = {{P|uk|часто}}
}}
# {{Překlady
}}

==== synonyma ====
# [[opětovaně]], [[častokrát]], [[mnohokrát]], [[mockrát]], [[obvykle]]
# [[nejednou]], [[nezřídka]], [[mnohdy]], [[leckdy]], {{Příznak2|zast.}} [[začasté]], [[zhusta]]

==== antonyma ====
# [[málokrát]], [[občas]]
# [[zřídka]], [[zřídkakdy]], [[málokdy]], [[ojediněle]], [[občas]], [[sporadicky]], [[sem tam]], [[vzácně]], [[nečasto]]

==== související ====
* [[častokrát]]
* [[častý]]
* [[čas]]
* [[častovat]]

== poznámky ==
* {{IJP|často|2008-11-04|2010-02-22}}

[[Kategorie:Česká příslovce]]</text>
      <sha1>lvl4vtqpurge9b8w80bxzecowkvjcoj</sha1>
    </revision>
  </page>
  <page>
    <title>za</title>
    <ns>0</ns>
    <id>6451</id>
    <revision>
      <id>1073703</id>
      <parentid>1001661</parentid>
      <timestamp>2019-09-20T21:33:03Z</timestamp>
      <contributor>
        <username>JAnDbot</username>
        <id>1108</id>
      </contributor>
      <minor />
      <comment>Robot: kosmetické úpravy</comment>
      <model>wikitext</model>
      <format>text/x-wiki</format>
      <text xml:space="preserve">{{Viz|ZA}}

== čeština ==

=== výslovnost ===
* {{IPA|za}}
* {{Audio|Cs-za.ogg|za}}

=== předložka ===

==== význam ====
# {{Vazba|za|+ genitiv}} [[během]]
#* {{Příklad|cs|Za jeho vlády země vzkvétala.}}
# {{Vazba|za|+ akuzativ}} ''na zadní stranu nebo k zadní straně''
#* {{Příklad|cs|Schovej to, prosím tě, za tuhle skříň - aby to děti neviděly.}}
# {{Vazba|za|+ akuzativ}} ''označuje časové období, za nějž se něco děje''
#* {{Příklad|cs|Jel rychlostí sto kilometrů za hodinu.}}
# {{Vazba|za|+ akuzativ}} ''předchází věc nebo osobu, v jejíž prospěch se něco děje''
#* {{Příklad|cs|Bil se za něj jako lev.}}
#* {{Příklad|cs|Platím za celou hospodu.}}
#* {{Příklad|cs|Všichni svatí a světice Boží, orodujte za nás.}}
# {{Vazba|za|+ akuzativ}} ''namísto někoho, jako náhrada''
#* {{Příklad|cs|Nevzala bys, prosím, pondělní službu za mě?}}
# {{Vazba|za|+ akuzativ}} ''v něčím zastoupení, reprezentujíc někoho''
#* {{Příklad|cs|Byli na tom sympoziu za Českou republiku.}}
# {{Vazba|za|+ akuzativ}} ''vyjadřuje uchopení, držení''
#* {{Příklad|cs|Chytil se za zábradlí.}}
# {{Vazba|za|+ akuzativ}} ''vyjadřuje směnu''
#* {{Příklad|cs|Vyměnil autíčko za kuličku.}}
# {{Vazba|za|+ instrumentál}} ''na zadní straně nebo u zadní strany''
#* {{Příklad|cs|Za městem stojí hrad.}}
# {{Vazba|za|+ instrumentál}} ''vyjadřuje cíl, účel, adresáta''
#* {{Příklad|cs|S tímhle jdi radši za maminkou.}}
#* {{Příklad|cs|Vždycky šli tvrdě za svým.}}
# {{Vazba|za|+ instrumentál}} ''označuje následnost po sobě jsoucích věcí''
#* {{Příklad|cs|přírodou krok za krokem}}
#* {{Příklad|cs|Jdou po sobě jeden za druhým.}}

==== překlady ====
# {{Překlady
  | význam = během
  | de = {{P|de|während}}
  | en = {{P|en|during}}
  | fi = {{P|fi|aikana}}
  | fr = {{P|fr|pendant}}
  | he = {{P|he|בְּמֶשֶׁךְ}}
  | it = {{P|it|durante}}
  | pl = {{P|pl|za}}, {{P|pl|podczas}}, {{P|pl|w czasie}}
  | ru = {{P|ru|за}}
  | sk = {{P|sk|za}}
}}
# {{Překlady
  | význam = na zadní stranu
  | de = {{P|de|hinter}}
  | el = {{P|el|πίσω από}}
  | en = {{P|en|behind}}
  | fi = {{P|fi|taa}}, {{P|fi|taakse}}
  | fr = {{P|fr|derrière}}
  | la = {{P|la|post}}
  | lv = {{P|lv|aiz}}
  | pl = {{P|pl|za}}
  | ru = {{P|ru|за}}
  | sk = {{P|sk|za}}
  | sv = {{P|sv|för}}
}}
# {{Překlady
  | význam = rychlost
  | de = {{P|de|pro}}
  | en = {{P|en|per}}
  | fr = {{P|fr|par}}
  | it = {{P|it|per}}
  | ru = {{P|ru|в}}
  | sk = {{P|sk|za}}
}}
# {{Překlady
  | význam = prospěch
  | de = {{P|de|für}}
  | en = for somebody's {{P|en|sake}}
  | fr = {{P|fr|pour}}
  | la = {{P|la|pro}}
  | ru = {{P|ru|за}}, {{P|ru|для}}, {{P|ru|во имя}}
  | sk = {{P|sk|za}}
}}
# {{Překlady
  | význam = místo, namísto
  | de = {{P|de|statts}}
  | el = {{P|el|αντί}}
  | en = {{P|en|instead of}}
  | fr = {{P|fr|pour}}, {{P|fr|à la place}}
  | pl = {{P|pl|za}}
  | ru = {{P|ru|вместо}}
  | sk = {{P|sk|za}}
}}
# {{Překlady
  | význam = delegování
  | ru = {{P|ru|от лица}}
}}
# {{Překlady
  | význam = uchopení, držení
  | en = {{P|en|by}}
  | fr = {{P|fr|par}}
  | lv = {{P|lv|aiz}}
  | ru = {{P|ru|за}}
  | sk = {{P|sk|za}}
}}
# {{Překlady
  | význam = směna
  | en = {{P|en|against}}
  | fr = {{P|fr|contre}}
  | ru = {{P|ru|на}}
  | sk = {{P|sk|za}}
}}
# {{Překlady
  | význam = na zadní straně
  | de = {{P|de|hinter}}
  | en = {{P|en|behind}}
  | fi = {{P|fi|takana}}
  | fr = {{P|fr|derrière}}
  | la = {{P|la|post}}
  | pl = {{P|pl|za}}
  | ru = {{P|ru|за}}
  | sk = {{P|sk|za}}
}}
# {{Překlady
  | význam = cíl, adresát
  | en = {{P|en|after}}
  | es = {{P|es|en busca de}}
  | fr = {{P|fr|chercher}}, {{P|fr|en poursuite de}}
  | ru = {{P|ru|за}}
  | sk = {{P|sk|za}}
}}
# {{Překlady
  | význam = postupně
  | en = {{P|en|by}}, {{P|en|after}}
  | fr = {{P|fr|à}}
  | la = {{P|la|-atim}}
  | ru = {{P|ru|за}}
  | sk = {{P|sk|za}}
}}

==== související ====
* [[za-]]

== polština ==

=== výslovnost ===
* {{IPA|za}}
* {{Audio|Pl-za.ogg|za}}

=== předložka ===

==== význam ====
# [[za#čeština|za]]

=== příslovce ===

==== význam ====
# [[příliš]]
#* {{Příklad|pl|On jest jeszcze bardzo '''za''' mały żeby interesować się piłką.|Je ještě příliš malý na to, aby ho zajímal míč/fotbal.}}

[[Kategorie:Polské předložky]]
[[Kategorie:České předložky]]
[[Kategorie:Polská příslovce]]</text>
      <sha1>6gv7h4wdxtus5jfctr74635rmerjqpn</sha1>
    </revision>
  </page>
  <page>
    <title>ale</title>
    <ns>0</ns>
    <id>6452</id>
    <revision>
      <id>927199</id>
      <parentid>828966</parentid>
      <timestamp>2017-12-29T15:30:38Z</timestamp>
      <contributor>
        <username>MykhalBot</username>
        <id>25934</id>
      </contributor>
      <minor />
      <comment>Robot: seřazení překladů</comment>
      <model>wikitext</model>
      <format>text/x-wiki</format>
      <text xml:space="preserve">{{Viz}}

== čeština ==

=== výslovnost (1) ===
* {{IPA|alɛ}}
* {{Audio|Cs-ale.ogg|ale}}

=== dělení ===
* ale

=== spojka ===

==== význam ====
# ''vyjadřuje poměr odporovací''
#* {{Příklad|cs|Byla krásná, '''ale''' zlá.}}
# ''vyjadřuje poměr stupňovací''
#* {{Příklad|cs|Asi nebudete schopna mi poradit, '''ale i''' tak to zkouším.}}
# ''ve větě jednoduché''
#* {{Příklad|cs|Jako vládce '''''ale''''' činil náhlá rozhodnutí.}}

==== překlady ====
# {{Překlady
  | význam = poměr odporovací
  | ar = {{P|ar|لكن}}
  | csb = {{P|csb|ale}}, {{P|csb|le}}, {{P|csb|leno}}
  | de = {{P|de|aber}}
  | en = {{P|en|but}}
  | es = {{P|es|pero}}, {{P|es|sino}}
  | fr = {{P|fr|mais}}
  | he = {{P|he|אֲבָל}}
  | hsb = {{P|hsb|ale}}
  | it = {{P|it|ma}}
  | lv = {{P|lv|bet}}
  | nl = {{P|nl|maar}}, {{P|nl|echter}}
  | pl = {{P|pl|ale}}
  | ru = {{P|ru|но}}
  | sk = {{P|sk|ale}}, {{P|sk|no}}
  | sv = {{P|sv|men}}
}}
# {{Překlady
}}
# {{Překlady
}}

=== částice ===

==== význam ====
# ''vyjadřuje postoj mluvčího ve větě''
#* {{Příklad|cs|Ale mám tě rád.}}

=== citoslovce ===

==== význam ====
# {{Upřesnění|častěji ve dvojici: ale, ale}} ''vyjadřuje překvapení, nelibost, nesouhlas''
#* {{Příklad|cs|Ale, ale, copak se děje?}}

==== slovní spojení ====
* [[ale i]]

==== související ====
* [[alebrž]]

=== výslovnost (2) ===
* {{IPA|ɛjl}}

=== podstatné jméno ===
* ''rod mužský neživotný''

==== skloňování ====
{{Substantivum (cs)
  | nesklonné
}}

==== význam ====
# [[druh]] [[světlý|světlého]] [[pivo|piva]]

== angličtina ==

=== výslovnost ===
* {{IPA|ˈeɪ.l̩}}

==== homofony ====
* [[ail#angličtina|ail]]

=== podstatné jméno ===

==== skloňování ====
{{Substantivum (en)
  | snom = ale
  | pnom = [[ales]]
}}

==== význam ====
# [[světlý|světlé]] [[pivo]]
# [[druh]] [[festival]]u [[odehrávající se]] [[v]] [[anglicky]] [[hovořící]]ch [[země|zemích]]

== kašubština ==

=== spojka ===

==== význam ====
# [[ale#čeština|ale]]
#* {{Příklad|csb|Letkò to rzec, ale cãżkò zrobic.|To se lehce řekne, ale hůř udělá.}}

==== synonyma ====
# [[le]], [[leno]]

== hornolužická srbština ==

=== spojka ===

==== význam ====
# [[ale#čeština|ale]]

== žemaitština ==

=== spojka ===

==== význam ====
# [[ale#čeština|ale]]

[[Kategorie:České částice]]
[[Kategorie:Česká citoslovce]]
[[Kategorie:České spojky]]
[[Kategorie:Anglická substantiva]]
[[Kategorie:Kašubské spojky]]
[[Kategorie:Hornolužickosrbské spojky]]
[[Kategorie:Žemaitské spojky]]
[[Kategorie:Žemaitské částice]]</text>
      <sha1>c7pfpka9hzozlvt9vdb8dj363qcosl0</sha1>
    </revision>
  </page>
  <page>
    <title>kéž</title>
    <ns>0</ns>
    <id>39093</id>
    <revision>
      <id>1080757</id>
      <parentid>1080756</parentid>
      <timestamp>2019-09-23T17:46:10Z</timestamp>
      <contributor>
        <ip>88.102.151.103</ip>
      </contributor>
      <comment>/* etymologie */</comment>
      <model>wikitext</model>
      <format>text/x-wiki</format>
      <text xml:space="preserve">== čeština ==

=== výslovnost ===
* {{IPA|kɛːʃ}}

=== etymologie ===
Vzniklo spojením archaického zájmene ''[[ký|ké]]'' a zkrácené příklonné koncovky ''[[-že]]''. Původně mělo i význam tázací částice.&lt;ref&gt;{{Naše řeč|art=4413|titul=Ký, kéž, kýžený|příjmení=Svěrák|jméno=František|ročník=38|rok=1955|číslo=3–4}}&lt;/ref&gt;

=== částice ===

==== význam ====
# ''částice uvozující přací větu, vyjadřující přání''
#* {{Příklad|cs|Jednou byl v Ližensku na návštěvě svatý reb Mendele z Rimanova, '''kéž''' nás chrání Světlo jeho zásluh!}}&lt;ref name=&quot;9b&quot;&gt;{{Citace monografie
  | příjmení = Langer
  | jméno = Jiří
  | odkaz na autora = w:Jiří Langer
  | titul = Devět bran Chasidů tajemství
  | vydavatel = Československý spisovatel
  | místo = Praha
  | rok = 1965
  | vydání = 2
  | strany = 149
}}&lt;/ref&gt;
# {{Příznaky|cs|arch.}} [[zda]], [[zdali]]

==== překlady ====
# {{Překlady
  | význam = částice uvozující přací větu
  | el = {{P|el|μακάρι}}
  | en = {{P|en|let}}, {{P|en|wish}}
  | es = {{P|es|ojalá}}
  | fi = {{P|fi|kunpa}}
  | fr = {{P|fr|pourvu que}}, {{P|fr|vivement}}
  | la = {{P|la|utinam}}
  | ru = {{P|ru|пусть}}, {{P|ru|хотя бы}}, {{P|ru|пусть бы}}
  | sk = {{P|sk|nech}}
}}
# {{Překlady
}}

==== synonyma ====
# [[ať]]
# [[zda]], [[zdali]]

==== související ====
* [[kýžený]]
* [[kiš]]

== poznámky ==
&lt;references /&gt;

[[Kategorie:České částice]]</text>
      <sha1>lzdxreq14o2r7lnj2vg7m2sjlqsmd19</sha1>
    </revision>
  </page>
  <page>
    <title>vždyť</title>
    <ns>0</ns>
    <id>76567</id>
    <revision>
      <id>1073080</id>
      <parentid>878950</parentid>
      <timestamp>2019-09-20T21:26:16Z</timestamp>
      <contributor>
        <username>JAnDbot</username>
        <id>1108</id>
      </contributor>
      <minor />
      <comment>Robot: kosmetické úpravy</comment>
      <model>wikitext</model>
      <format>text/x-wiki</format>
      <text xml:space="preserve">== čeština ==

=== výslovnost ===
* {{IPA|vʒdɪc}}

=== dělení ===
* vždyť

=== spojka ===
* ''souřadicí''

==== význam ====
# ''uvozuje větu zdůvodňující předešlé tvrzení''
#* {{Příklad|cs|Musí se brzy vrátit, vždyť nám to slíbil.}}

==== překlady ====
# {{Překlady
  | význam = zdůvodnění
  | de = {{P|de|ja}}
  | la = {{P|la|nam}}
  | sk = {{P|sk|veď}}
}}

==== synonyma ====
# [[neboť]], [[totiž]]

=== příslovce ===

==== význam ====
# ''zdůrazňuje určité tvrzení''
#* {{Příklad|cs|Vždyť jsem to říkal, že se ztratíme!}}
# ''vyjadřuje námitku proti předchozímu tvrzení''
#* {{Příklad|cs|Ty klíče tu někde musí být, vždyť jsem je sem před chvílí položil.}}

==== překlady ====
# {{Překlady
  | význam = zdůraznění
  | de = {{P|de|ja}}, {{P|de|doch}}
  | sk = {{P|sk|veď}}
}}
# {{Překlady
}}

==== synonyma ====
# [[však]]
# [[však]], [[přece]]

== poznámky ==
* {{IJP|vždyť|2008-03-10|2013-06-15}}
* {{Naše řeč|příjmení=Vachek|jméno=Josef|titul=Glosa k novočeskému vždyť|rok=1972|ročník=55|číslo=2-3|strany=94–96|art=5620}}

[[Kategorie:České spojky]]
[[Kategorie:Česká příslovce]]</text>
      <sha1>am0jtbhtd26kvab7gczo51t32ey9610</sha1>
    </revision>
  </page>
  <page>
    <title>ach</title>
    <ns>0</ns>
    <id>58110</id>
    <revision>
      <id>827984</id>
      <parentid>710230</parentid>
      <timestamp>2017-04-25T06:56:44Z</timestamp>
      <contributor>
        <username>JAnDbot</username>
        <id>1108</id>
      </contributor>
      <minor />
      <comment>odstranění interwiki - nahrazeno [[mw:Extension:Cognate|cognate]]</comment>
      <model>wikitext</model>
      <format>text/x-wiki</format>
      <text xml:space="preserve">{{Viz|ách}}

== čeština ==

=== výslovnost ===
* {{IPA|ax}}

==== homofony ====
* [[ah]]

=== dělení ===
* ach

=== varianty ===
* [[ách]]
* [[ah]]

=== citoslovce ===

==== význam ====
# ''vyjadřuje různé pocity (povzdechnutí, utrpení, rozpaky, obdiv, touhu, překvapení apod.)''
#* {{Příklad|cs|'''Ach''', kdybyste věděli, co jsem všechno prožil!}}

==== překlady ====
# {{Překlady
  | význam = povzdech
  | de = {{P|de|ah}}, {{P|de|oh}}
  | en = {{P|en|oh}}
  | fi = {{P|fi|ai}}, {{P|fi|voi}}
  | fr = {{P|fr|oh}}
  | li = {{P|li|ach}}
  | nl = {{P|nl|ach}}
  | pl = {{P|pl|ah}}, {{P|pl|ach}}
  | sk = {{P|sk|ach}}
}}

==== synonyma ====
# [[ech]], [[áchich]], [[ó]]

==== související ====
* [[achich]]

[[Kategorie:Česká citoslovce]]</text>
      <sha1>syfyxi4qlc32mku00omc2nr6iw0gyz4</sha1>
    </revision>
  </page>
</mediawiki>